CRITICAL - 2024-03-15 08:04:10 --> ErrorException: scandir(C:\xampp\htdocs\world\App/Modules/): The system cannot find the file specifi (code: 2)
in APPPATH\Config\Routes.php on line 11.
 1 [internal function]: CodeIgniter\Debug\Exceptions->errorHandler(2, 'scandir(C:\\xampp\\htdocs\\world\\App/Modules/): The system cannot find the file specifi (code: 2)', 'C:\\xampp\\htdocs\\world\\app\\Config\\Routes.php', 11)
 2 APPPATH\Config\Routes.php(11): scandir('C:\\xampp\\htdocs\\world\\App/Modules/')
 3 SYSTEMPATH\Router\RouteCollection.php(345): require('C:\\xampp\\htdocs\\world\\app\\Config\\Routes.php')
 4 SYSTEMPATH\CodeIgniter.php(810): CodeIgniter\Router\RouteCollection->loadRoutes()
 5 SYSTEMPATH\CodeIgniter.php(450): CodeIgniter\CodeIgniter->tryToRouteIt(null)
 6 SYSTEMPATH\CodeIgniter.php(361): CodeIgniter\CodeIgniter->handleRequest(null, Object(Config\Cache), false)
 7 FCPATH\index.php(79): CodeIgniter\CodeIgniter->run()
CRITICAL - 2024-03-15 08:04:10 --> ErrorException: scandir(C:\xampp\htdocs\world\App/Modules/): The system cannot find the file specifi (code: 2)
in APPPATH\Config\Routes.php on line 11.
 1 [internal function]: CodeIgniter\Debug\Exceptions->errorHandler(2, 'scandir(C:\\xampp\\htdocs\\world\\App/Modules/): The system cannot find the file specifi (code: 2)', 'C:\\xampp\\htdocs\\world\\app\\Config\\Routes.php', 11)
 2 APPPATH\Config\Routes.php(11): scandir('C:\\xampp\\htdocs\\world\\App/Modules/')
 3 SYSTEMPATH\Router\RouteCollection.php(345): require('C:\\xampp\\htdocs\\world\\app\\Config\\Routes.php')
 4 SYSTEMPATH\CodeIgniter.php(810): CodeIgniter\Router\RouteCollection->loadRoutes()
 5 SYSTEMPATH\CodeIgniter.php(450): CodeIgniter\CodeIgniter->tryToRouteIt(null)
 6 SYSTEMPATH\CodeIgniter.php(361): CodeIgniter\CodeIgniter->handleRequest(null, Object(Config\Cache), false)
 7 FCPATH\index.php(79): CodeIgniter\CodeIgniter->run()
CRITICAL - 2024-03-15 08:04:33 --> ErrorException: scandir(C:\xampp\htdocs\world\App/Modules/): The system cannot find the file specifi (code: 2)
in APPPATH\Config\Routes.php on line 11.
 1 [internal function]: CodeIgniter\Debug\Exceptions->errorHandler(2, 'scandir(C:\\xampp\\htdocs\\world\\App/Modules/): The system cannot find the file specifi (code: 2)', 'C:\\xampp\\htdocs\\world\\app\\Config\\Routes.php', 11)
 2 APPPATH\Config\Routes.php(11): scandir('C:\\xampp\\htdocs\\world\\App/Modules/')
 3 SYSTEMPATH\Router\RouteCollection.php(345): require('C:\\xampp\\htdocs\\world\\app\\Config\\Routes.php')
 4 SYSTEMPATH\CodeIgniter.php(810): CodeIgniter\Router\RouteCollection->loadRoutes()
 5 SYSTEMPATH\CodeIgniter.php(450): CodeIgniter\CodeIgniter->tryToRouteIt(null)
 6 SYSTEMPATH\CodeIgniter.php(361): CodeIgniter\CodeIgniter->handleRequest(null, Object(Config\Cache), false)
 7 FCPATH\index.php(79): CodeIgniter\CodeIgniter->run()
CRITICAL - 2024-03-15 08:24:57 --> CodeIgniter\View\Exceptions\ViewException: Invalid file: "\App\Modules\Client\dashboard\index.php"
in SYSTEMPATH\Exceptions\FrameworkException.php on line 39.
 1 SYSTEMPATH\View\View.php(216): CodeIgniter\Exceptions\FrameworkException::forInvalidFile('\\App\\Modules\\Client\\dashboard\\index.php')
 2 SYSTEMPATH\Common.php(1178): CodeIgniter\View\View->render('\\App\\Modules\\Client\\dashboard\\index', [], true)
 3 APPPATH\Modules\Client\Controllers\DashboardController.php(8): view('\\App\\Modules\\Client\\dashboard\\index')
 4 SYSTEMPATH\CodeIgniter.php(941): App\Modules\Client\Controllers\DashboardController->index()
 5 SYSTEMPATH\CodeIgniter.php(502): CodeIgniter\CodeIgniter->runController(Object(App\Modules\Client\Controllers\DashboardController))
 6 SYSTEMPATH\CodeIgniter.php(361): CodeIgniter\CodeIgniter->handleRequest(null, Object(Config\Cache), false)
 7 FCPATH\index.php(79): CodeIgniter\CodeIgniter->run()
CRITICAL - 2024-03-15 08:24:57 --> CodeIgniter\View\Exceptions\ViewException: Invalid file: "\App\Modules\Client\dashboard\index.php"
in SYSTEMPATH\Exceptions\FrameworkException.php on line 39.
 1 SYSTEMPATH\View\View.php(216): CodeIgniter\Exceptions\FrameworkException::forInvalidFile('\\App\\Modules\\Client\\dashboard\\index.php')
 2 SYSTEMPATH\Common.php(1178): CodeIgniter\View\View->render('\\App\\Modules\\Client\\dashboard\\index', [], true)
 3 APPPATH\Modules\Client\Controllers\DashboardController.php(8): view('\\App\\Modules\\Client\\dashboard\\index')
 4 SYSTEMPATH\CodeIgniter.php(941): App\Modules\Client\Controllers\DashboardController->index()
 5 SYSTEMPATH\CodeIgniter.php(502): CodeIgniter\CodeIgniter->runController(Object(App\Modules\Client\Controllers\DashboardController))
 6 SYSTEMPATH\CodeIgniter.php(361): CodeIgniter\CodeIgniter->handleRequest(null, Object(Config\Cache), false)
 7 FCPATH\index.php(79): CodeIgniter\CodeIgniter->run()
CRITICAL - 2024-03-15 08:25:06 --> CodeIgniter\View\Exceptions\ViewException: Invalid file: "\App\Modules\Client\dashboard\index.php"
in SYSTEMPATH\Exceptions\FrameworkException.php on line 39.
 1 SYSTEMPATH\View\View.php(216): CodeIgniter\Exceptions\FrameworkException::forInvalidFile('\\App\\Modules\\Client\\dashboard\\index.php')
 2 SYSTEMPATH\Common.php(1178): CodeIgniter\View\View->render('\\App\\Modules\\Client\\dashboard\\index', [], true)
 3 APPPATH\Modules\Client\Controllers\DashboardController.php(8): view('\\App\\Modules\\Client\\dashboard\\index')
 4 SYSTEMPATH\CodeIgniter.php(941): App\Modules\Client\Controllers\DashboardController->index()
 5 SYSTEMPATH\CodeIgniter.php(502): CodeIgniter\CodeIgniter->runController(Object(App\Modules\Client\Controllers\DashboardController))
 6 SYSTEMPATH\CodeIgniter.php(361): CodeIgniter\CodeIgniter->handleRequest(null, Object(Config\Cache), false)
 7 FCPATH\index.php(79): CodeIgniter\CodeIgniter->run()
CRITICAL - 2024-03-15 08:29:51 --> CodeIgniter\View\Exceptions\ViewException: Invalid file: "\App\Modules\Client\dashboard\welcome_message.php"
in SYSTEMPATH\Exceptions\FrameworkException.php on line 39.
 1 SYSTEMPATH\View\View.php(216): CodeIgniter\Exceptions\FrameworkException::forInvalidFile('\\App\\Modules\\Client\\dashboard\\welcome_message.php')
 2 SYSTEMPATH\Common.php(1178): CodeIgniter\View\View->render('\\App\\Modules\\Client\\dashboard\\welcome_message', [], true)
 3 APPPATH\Modules\Client\Controllers\DashboardController.php(8): view('\\App\\Modules\\Client\\dashboard\\welcome_message')
 4 SYSTEMPATH\CodeIgniter.php(941): App\Modules\Client\Controllers\DashboardController->index()
 5 SYSTEMPATH\CodeIgniter.php(502): CodeIgniter\CodeIgniter->runController(Object(App\Modules\Client\Controllers\DashboardController))
 6 SYSTEMPATH\CodeIgniter.php(361): CodeIgniter\CodeIgniter->handleRequest(null, Object(Config\Cache), false)
 7 FCPATH\index.php(79): CodeIgniter\CodeIgniter->run()
CRITICAL - 2024-03-15 08:29:52 --> CodeIgniter\View\Exceptions\ViewException: Invalid file: "\App\Modules\Client\dashboard\welcome_message.php"
in SYSTEMPATH\Exceptions\FrameworkException.php on line 39.
 1 SYSTEMPATH\View\View.php(216): CodeIgniter\Exceptions\FrameworkException::forInvalidFile('\\App\\Modules\\Client\\dashboard\\welcome_message.php')
 2 SYSTEMPATH\Common.php(1178): CodeIgniter\View\View->render('\\App\\Modules\\Client\\dashboard\\welcome_message', [], true)
 3 APPPATH\Modules\Client\Controllers\DashboardController.php(8): view('\\App\\Modules\\Client\\dashboard\\welcome_message')
 4 SYSTEMPATH\CodeIgniter.php(941): App\Modules\Client\Controllers\DashboardController->index()
 5 SYSTEMPATH\CodeIgniter.php(502): CodeIgniter\CodeIgniter->runController(Object(App\Modules\Client\Controllers\DashboardController))
 6 SYSTEMPATH\CodeIgniter.php(361): CodeIgniter\CodeIgniter->handleRequest(null, Object(Config\Cache), false)
 7 FCPATH\index.php(79): CodeIgniter\CodeIgniter->run()
CRITICAL - 2024-03-15 08:30:02 --> CodeIgniter\View\Exceptions\ViewException: Invalid file: "\App\Modules\Client\dashboard\welcome_message.php"
in SYSTEMPATH\Exceptions\FrameworkException.php on line 39.
 1 SYSTEMPATH\View\View.php(216): CodeIgniter\Exceptions\FrameworkException::forInvalidFile('\\App\\Modules\\Client\\dashboard\\welcome_message.php')
 2 SYSTEMPATH\Common.php(1178): CodeIgniter\View\View->render('\\App\\Modules\\Client\\dashboard\\welcome_message', [], true)
 3 APPPATH\Modules\Client\Controllers\DashboardController.php(8): view('\\App\\Modules\\Client\\dashboard\\welcome_message')
 4 SYSTEMPATH\CodeIgniter.php(941): App\Modules\Client\Controllers\DashboardController->index()
 5 SYSTEMPATH\CodeIgniter.php(502): CodeIgniter\CodeIgniter->runController(Object(App\Modules\Client\Controllers\DashboardController))
 6 SYSTEMPATH\CodeIgniter.php(361): CodeIgniter\CodeIgniter->handleRequest(null, Object(Config\Cache), false)
 7 FCPATH\index.php(79): CodeIgniter\CodeIgniter->run()
CRITICAL - 2024-03-15 08:30:41 --> CodeIgniter\View\Exceptions\ViewException: Invalid file: "\App\Modules\Client\dashboard\welcome_message.php"
in SYSTEMPATH\Exceptions\FrameworkException.php on line 39.
 1 SYSTEMPATH\View\View.php(216): CodeIgniter\Exceptions\FrameworkException::forInvalidFile('\\App\\Modules\\Client\\dashboard\\welcome_message.php')
 2 SYSTEMPATH\Common.php(1178): CodeIgniter\View\View->render('\\App\\Modules\\Client\\dashboard\\welcome_message', [], true)
 3 APPPATH\Modules\Client\Controllers\DashboardController.php(8): view('\\App\\Modules\\Client\\dashboard\\welcome_message')
 4 SYSTEMPATH\CodeIgniter.php(941): App\Modules\Client\Controllers\DashboardController->index()
 5 SYSTEMPATH\CodeIgniter.php(502): CodeIgniter\CodeIgniter->runController(Object(App\Modules\Client\Controllers\DashboardController))
 6 SYSTEMPATH\CodeIgniter.php(361): CodeIgniter\CodeIgniter->handleRequest(null, Object(Config\Cache), false)
 7 FCPATH\index.php(79): CodeIgniter\CodeIgniter->run()
CRITICAL - 2024-03-15 08:30:41 --> CodeIgniter\View\Exceptions\ViewException: Invalid file: "\App\Modules\Client\dashboard\welcome_message.php"
in SYSTEMPATH\Exceptions\FrameworkException.php on line 39.
 1 SYSTEMPATH\View\View.php(216): CodeIgniter\Exceptions\FrameworkException::forInvalidFile('\\App\\Modules\\Client\\dashboard\\welcome_message.php')
 2 SYSTEMPATH\Common.php(1178): CodeIgniter\View\View->render('\\App\\Modules\\Client\\dashboard\\welcome_message', [], true)
 3 APPPATH\Modules\Client\Controllers\DashboardController.php(8): view('\\App\\Modules\\Client\\dashboard\\welcome_message')
 4 SYSTEMPATH\CodeIgniter.php(941): App\Modules\Client\Controllers\DashboardController->index()
 5 SYSTEMPATH\CodeIgniter.php(502): CodeIgniter\CodeIgniter->runController(Object(App\Modules\Client\Controllers\DashboardController))
 6 SYSTEMPATH\CodeIgniter.php(361): CodeIgniter\CodeIgniter->handleRequest(null, Object(Config\Cache), false)
 7 FCPATH\index.php(79): CodeIgniter\CodeIgniter->run()
CRITICAL - 2024-03-15 08:31:00 --> CodeIgniter\View\Exceptions\ViewException: Invalid file: "\App\Modules\Client\dashboard\welcome_message.php"
in SYSTEMPATH\Exceptions\FrameworkException.php on line 39.
 1 SYSTEMPATH\View\View.php(216): CodeIgniter\Exceptions\FrameworkException::forInvalidFile('\\App\\Modules\\Client\\dashboard\\welcome_message.php')
 2 SYSTEMPATH\Common.php(1178): CodeIgniter\View\View->render('\\App\\Modules\\Client\\dashboard\\welcome_message', [], true)
 3 APPPATH\Modules\Client\Controllers\DashboardController.php(8): view('\\App\\Modules\\Client\\dashboard\\welcome_message')
 4 SYSTEMPATH\CodeIgniter.php(941): App\Modules\Client\Controllers\DashboardController->index()
 5 SYSTEMPATH\CodeIgniter.php(502): CodeIgniter\CodeIgniter->runController(Object(App\Modules\Client\Controllers\DashboardController))
 6 SYSTEMPATH\CodeIgniter.php(361): CodeIgniter\CodeIgniter->handleRequest(null, Object(Config\Cache), false)
 7 FCPATH\index.php(79): CodeIgniter\CodeIgniter->run()
CRITICAL - 2024-03-15 08:31:14 --> CodeIgniter\View\Exceptions\ViewException: Invalid file: "\App\Modules\Client\dashboard\welcome_message.php"
in SYSTEMPATH\Exceptions\FrameworkException.php on line 39.
 1 SYSTEMPATH\View\View.php(216): CodeIgniter\Exceptions\FrameworkException::forInvalidFile('\\App\\Modules\\Client\\dashboard\\welcome_message.php')
 2 SYSTEMPATH\Common.php(1178): CodeIgniter\View\View->render('\\App\\Modules\\Client\\dashboard\\welcome_message', [], true)
 3 APPPATH\Modules\Client\Controllers\DashboardController.php(8): view('\\App\\Modules\\Client\\dashboard\\welcome_message')
 4 SYSTEMPATH\CodeIgniter.php(941): App\Modules\Client\Controllers\DashboardController->index()
 5 SYSTEMPATH\CodeIgniter.php(502): CodeIgniter\CodeIgniter->runController(Object(App\Modules\Client\Controllers\DashboardController))
 6 SYSTEMPATH\CodeIgniter.php(361): CodeIgniter\CodeIgniter->handleRequest(null, Object(Config\Cache), false)
 7 FCPATH\index.php(79): CodeIgniter\CodeIgniter->run()
CRITICAL - 2024-03-15 08:34:20 --> CodeIgniter\View\Exceptions\ViewException: Invalid file: "\App\Modules\Client\dashboard\dashboard.php"
in SYSTEMPATH\Exceptions\FrameworkException.php on line 39.
 1 SYSTEMPATH\View\View.php(216): CodeIgniter\Exceptions\FrameworkException::forInvalidFile('\\App\\Modules\\Client\\dashboard\\dashboard.php')
 2 SYSTEMPATH\Common.php(1178): CodeIgniter\View\View->render('\\App\\Modules\\Client\\dashboard\\dashboard', [], true)
 3 APPPATH\Modules\Client\Controllers\DashboardController.php(8): view('\\App\\Modules\\Client\\dashboard\\dashboard')
 4 SYSTEMPATH\CodeIgniter.php(941): App\Modules\Client\Controllers\DashboardController->index()
 5 SYSTEMPATH\CodeIgniter.php(502): CodeIgniter\CodeIgniter->runController(Object(App\Modules\Client\Controllers\DashboardController))
 6 SYSTEMPATH\CodeIgniter.php(361): CodeIgniter\CodeIgniter->handleRequest(null, Object(Config\Cache), false)
 7 FCPATH\index.php(79): CodeIgniter\CodeIgniter->run()
CRITICAL - 2024-03-15 08:34:28 --> CodeIgniter\View\Exceptions\ViewException: Invalid file: "\App\Modules\Client\dashboard\welcome_message.php"
in SYSTEMPATH\Exceptions\FrameworkException.php on line 39.
 1 SYSTEMPATH\View\View.php(216): CodeIgniter\Exceptions\FrameworkException::forInvalidFile('\\App\\Modules\\Client\\dashboard\\welcome_message.php')
 2 SYSTEMPATH\Common.php(1178): CodeIgniter\View\View->render('\\App\\Modules\\Client\\dashboard\\welcome_message', [], true)
 3 APPPATH\Modules\Client\Controllers\DashboardController.php(8): view('\\App\\Modules\\Client\\dashboard\\welcome_message')
 4 SYSTEMPATH\CodeIgniter.php(941): App\Modules\Client\Controllers\DashboardController->index()
 5 SYSTEMPATH\CodeIgniter.php(502): CodeIgniter\CodeIgniter->runController(Object(App\Modules\Client\Controllers\DashboardController))
 6 SYSTEMPATH\CodeIgniter.php(361): CodeIgniter\CodeIgniter->handleRequest(null, Object(Config\Cache), false)
 7 FCPATH\index.php(79): CodeIgniter\CodeIgniter->run()
CRITICAL - 2024-03-15 08:35:14 --> CodeIgniter\View\Exceptions\ViewException: Invalid file: "\App\Modules\Client\Views\dashboard.php"
in SYSTEMPATH\Exceptions\FrameworkException.php on line 39.
 1 SYSTEMPATH\View\View.php(216): CodeIgniter\Exceptions\FrameworkException::forInvalidFile('\\App\\Modules\\Client\\Views\\dashboard.php')
 2 SYSTEMPATH\Common.php(1178): CodeIgniter\View\View->render('\\App\\Modules\\Client\\Views\\dashboard', [], true)
 3 APPPATH\Modules\Client\Controllers\DashboardController.php(8): view('\\App\\Modules\\Client\\Views\\dashboard')
 4 SYSTEMPATH\CodeIgniter.php(941): App\Modules\Client\Controllers\DashboardController->index()
 5 SYSTEMPATH\CodeIgniter.php(502): CodeIgniter\CodeIgniter->runController(Object(App\Modules\Client\Controllers\DashboardController))
 6 SYSTEMPATH\CodeIgniter.php(361): CodeIgniter\CodeIgniter->handleRequest(null, Object(Config\Cache), false)
 7 FCPATH\index.php(79): CodeIgniter\CodeIgniter->run()
CRITICAL - 2024-03-15 08:35:31 --> CodeIgniter\View\Exceptions\ViewException: Invalid file: "\App\Modules\Client\Views\dashboard.php"
in SYSTEMPATH\Exceptions\FrameworkException.php on line 39.
 1 SYSTEMPATH\View\View.php(216): CodeIgniter\Exceptions\FrameworkException::forInvalidFile('\\App\\Modules\\Client\\Views\\dashboard.php')
 2 SYSTEMPATH\Common.php(1178): CodeIgniter\View\View->render('\\App\\Modules\\Client\\Views\\dashboard', [], true)
 3 APPPATH\Modules\Client\Controllers\DashboardController.php(8): view('\\App\\Modules\\Client\\Views\\dashboard')
 4 SYSTEMPATH\CodeIgniter.php(941): App\Modules\Client\Controllers\DashboardController->index()
 5 SYSTEMPATH\CodeIgniter.php(502): CodeIgniter\CodeIgniter->runController(Object(App\Modules\Client\Controllers\DashboardController))
 6 SYSTEMPATH\CodeIgniter.php(361): CodeIgniter\CodeIgniter->handleRequest(null, Object(Config\Cache), false)
 7 FCPATH\index.php(79): CodeIgniter\CodeIgniter->run()
CRITICAL - 2024-03-15 08:35:32 --> CodeIgniter\View\Exceptions\ViewException: Invalid file: "\App\Modules\Client\Views\dashboard.php"
in SYSTEMPATH\Exceptions\FrameworkException.php on line 39.
 1 SYSTEMPATH\View\View.php(216): CodeIgniter\Exceptions\FrameworkException::forInvalidFile('\\App\\Modules\\Client\\Views\\dashboard.php')
 2 SYSTEMPATH\Common.php(1178): CodeIgniter\View\View->render('\\App\\Modules\\Client\\Views\\dashboard', [], true)
 3 APPPATH\Modules\Client\Controllers\DashboardController.php(8): view('\\App\\Modules\\Client\\Views\\dashboard')
 4 SYSTEMPATH\CodeIgniter.php(941): App\Modules\Client\Controllers\DashboardController->index()
 5 SYSTEMPATH\CodeIgniter.php(502): CodeIgniter\CodeIgniter->runController(Object(App\Modules\Client\Controllers\DashboardController))
 6 SYSTEMPATH\CodeIgniter.php(361): CodeIgniter\CodeIgniter->handleRequest(null, Object(Config\Cache), false)
 7 FCPATH\index.php(79): CodeIgniter\CodeIgniter->run()
CRITICAL - 2024-03-15 08:35:32 --> CodeIgniter\View\Exceptions\ViewException: Invalid file: "\App\Modules\Client\Views\dashboard.php"
in SYSTEMPATH\Exceptions\FrameworkException.php on line 39.
 1 SYSTEMPATH\View\View.php(216): CodeIgniter\Exceptions\FrameworkException::forInvalidFile('\\App\\Modules\\Client\\Views\\dashboard.php')
 2 SYSTEMPATH\Common.php(1178): CodeIgniter\View\View->render('\\App\\Modules\\Client\\Views\\dashboard', [], true)
 3 APPPATH\Modules\Client\Controllers\DashboardController.php(8): view('\\App\\Modules\\Client\\Views\\dashboard')
 4 SYSTEMPATH\CodeIgniter.php(941): App\Modules\Client\Controllers\DashboardController->index()
 5 SYSTEMPATH\CodeIgniter.php(502): CodeIgniter\CodeIgniter->runController(Object(App\Modules\Client\Controllers\DashboardController))
 6 SYSTEMPATH\CodeIgniter.php(361): CodeIgniter\CodeIgniter->handleRequest(null, Object(Config\Cache), false)
 7 FCPATH\index.php(79): CodeIgniter\CodeIgniter->run()
CRITICAL - 2024-03-15 08:35:32 --> CodeIgniter\View\Exceptions\ViewException: Invalid file: "\App\Modules\Client\Views\dashboard.php"
in SYSTEMPATH\Exceptions\FrameworkException.php on line 39.
 1 SYSTEMPATH\View\View.php(216): CodeIgniter\Exceptions\FrameworkException::forInvalidFile('\\App\\Modules\\Client\\Views\\dashboard.php')
 2 SYSTEMPATH\Common.php(1178): CodeIgniter\View\View->render('\\App\\Modules\\Client\\Views\\dashboard', [], true)
 3 APPPATH\Modules\Client\Controllers\DashboardController.php(8): view('\\App\\Modules\\Client\\Views\\dashboard')
 4 SYSTEMPATH\CodeIgniter.php(941): App\Modules\Client\Controllers\DashboardController->index()
 5 SYSTEMPATH\CodeIgniter.php(502): CodeIgniter\CodeIgniter->runController(Object(App\Modules\Client\Controllers\DashboardController))
 6 SYSTEMPATH\CodeIgniter.php(361): CodeIgniter\CodeIgniter->handleRequest(null, Object(Config\Cache), false)
 7 FCPATH\index.php(79): CodeIgniter\CodeIgniter->run()
CRITICAL - 2024-03-15 08:35:33 --> CodeIgniter\View\Exceptions\ViewException: Invalid file: "\App\Modules\Client\Views\dashboard.php"
in SYSTEMPATH\Exceptions\FrameworkException.php on line 39.
 1 SYSTEMPATH\View\View.php(216): CodeIgniter\Exceptions\FrameworkException::forInvalidFile('\\App\\Modules\\Client\\Views\\dashboard.php')
 2 SYSTEMPATH\Common.php(1178): CodeIgniter\View\View->render('\\App\\Modules\\Client\\Views\\dashboard', [], true)
 3 APPPATH\Modules\Client\Controllers\DashboardController.php(8): view('\\App\\Modules\\Client\\Views\\dashboard')
 4 SYSTEMPATH\CodeIgniter.php(941): App\Modules\Client\Controllers\DashboardController->index()
 5 SYSTEMPATH\CodeIgniter.php(502): CodeIgniter\CodeIgniter->runController(Object(App\Modules\Client\Controllers\DashboardController))
 6 SYSTEMPATH\CodeIgniter.php(361): CodeIgniter\CodeIgniter->handleRequest(null, Object(Config\Cache), false)
 7 FCPATH\index.php(79): CodeIgniter\CodeIgniter->run()
CRITICAL - 2024-03-15 08:35:33 --> CodeIgniter\View\Exceptions\ViewException: Invalid file: "\App\Modules\Client\Views\dashboard.php"
in SYSTEMPATH\Exceptions\FrameworkException.php on line 39.
 1 SYSTEMPATH\View\View.php(216): CodeIgniter\Exceptions\FrameworkException::forInvalidFile('\\App\\Modules\\Client\\Views\\dashboard.php')
 2 SYSTEMPATH\Common.php(1178): CodeIgniter\View\View->render('\\App\\Modules\\Client\\Views\\dashboard', [], true)
 3 APPPATH\Modules\Client\Controllers\DashboardController.php(8): view('\\App\\Modules\\Client\\Views\\dashboard')
 4 SYSTEMPATH\CodeIgniter.php(941): App\Modules\Client\Controllers\DashboardController->index()
 5 SYSTEMPATH\CodeIgniter.php(502): CodeIgniter\CodeIgniter->runController(Object(App\Modules\Client\Controllers\DashboardController))
 6 SYSTEMPATH\CodeIgniter.php(361): CodeIgniter\CodeIgniter->handleRequest(null, Object(Config\Cache), false)
 7 FCPATH\index.php(79): CodeIgniter\CodeIgniter->run()
CRITICAL - 2024-03-15 08:35:33 --> CodeIgniter\View\Exceptions\ViewException: Invalid file: "\App\Modules\Client\Views\dashboard.php"
in SYSTEMPATH\Exceptions\FrameworkException.php on line 39.
 1 SYSTEMPATH\View\View.php(216): CodeIgniter\Exceptions\FrameworkException::forInvalidFile('\\App\\Modules\\Client\\Views\\dashboard.php')
 2 SYSTEMPATH\Common.php(1178): CodeIgniter\View\View->render('\\App\\Modules\\Client\\Views\\dashboard', [], true)
 3 APPPATH\Modules\Client\Controllers\DashboardController.php(8): view('\\App\\Modules\\Client\\Views\\dashboard')
 4 SYSTEMPATH\CodeIgniter.php(941): App\Modules\Client\Controllers\DashboardController->index()
 5 SYSTEMPATH\CodeIgniter.php(502): CodeIgniter\CodeIgniter->runController(Object(App\Modules\Client\Controllers\DashboardController))
 6 SYSTEMPATH\CodeIgniter.php(361): CodeIgniter\CodeIgniter->handleRequest(null, Object(Config\Cache), false)
 7 FCPATH\index.php(79): CodeIgniter\CodeIgniter->run()
CRITICAL - 2024-03-15 08:35:33 --> CodeIgniter\View\Exceptions\ViewException: Invalid file: "\App\Modules\Client\Views\dashboard.php"
in SYSTEMPATH\Exceptions\FrameworkException.php on line 39.
 1 SYSTEMPATH\View\View.php(216): CodeIgniter\Exceptions\FrameworkException::forInvalidFile('\\App\\Modules\\Client\\Views\\dashboard.php')
 2 SYSTEMPATH\Common.php(1178): CodeIgniter\View\View->render('\\App\\Modules\\Client\\Views\\dashboard', [], true)
 3 APPPATH\Modules\Client\Controllers\DashboardController.php(8): view('\\App\\Modules\\Client\\Views\\dashboard')
 4 SYSTEMPATH\CodeIgniter.php(941): App\Modules\Client\Controllers\DashboardController->index()
 5 SYSTEMPATH\CodeIgniter.php(502): CodeIgniter\CodeIgniter->runController(Object(App\Modules\Client\Controllers\DashboardController))
 6 SYSTEMPATH\CodeIgniter.php(361): CodeIgniter\CodeIgniter->handleRequest(null, Object(Config\Cache), false)
 7 FCPATH\index.php(79): CodeIgniter\CodeIgniter->run()
CRITICAL - 2024-03-15 08:35:33 --> CodeIgniter\View\Exceptions\ViewException: Invalid file: "\App\Modules\Client\Views\dashboard.php"
in SYSTEMPATH\Exceptions\FrameworkException.php on line 39.
 1 SYSTEMPATH\View\View.php(216): CodeIgniter\Exceptions\FrameworkException::forInvalidFile('\\App\\Modules\\Client\\Views\\dashboard.php')
 2 SYSTEMPATH\Common.php(1178): CodeIgniter\View\View->render('\\App\\Modules\\Client\\Views\\dashboard', [], true)
 3 APPPATH\Modules\Client\Controllers\DashboardController.php(8): view('\\App\\Modules\\Client\\Views\\dashboard')
 4 SYSTEMPATH\CodeIgniter.php(941): App\Modules\Client\Controllers\DashboardController->index()
 5 SYSTEMPATH\CodeIgniter.php(502): CodeIgniter\CodeIgniter->runController(Object(App\Modules\Client\Controllers\DashboardController))
 6 SYSTEMPATH\CodeIgniter.php(361): CodeIgniter\CodeIgniter->handleRequest(null, Object(Config\Cache), false)
 7 FCPATH\index.php(79): CodeIgniter\CodeIgniter->run()
CRITICAL - 2024-03-15 08:35:33 --> CodeIgniter\View\Exceptions\ViewException: Invalid file: "\App\Modules\Client\Views\dashboard.php"
in SYSTEMPATH\Exceptions\FrameworkException.php on line 39.
 1 SYSTEMPATH\View\View.php(216): CodeIgniter\Exceptions\FrameworkException::forInvalidFile('\\App\\Modules\\Client\\Views\\dashboard.php')
 2 SYSTEMPATH\Common.php(1178): CodeIgniter\View\View->render('\\App\\Modules\\Client\\Views\\dashboard', [], true)
 3 APPPATH\Modules\Client\Controllers\DashboardController.php(8): view('\\App\\Modules\\Client\\Views\\dashboard')
 4 SYSTEMPATH\CodeIgniter.php(941): App\Modules\Client\Controllers\DashboardController->index()
 5 SYSTEMPATH\CodeIgniter.php(502): CodeIgniter\CodeIgniter->runController(Object(App\Modules\Client\Controllers\DashboardController))
 6 SYSTEMPATH\CodeIgniter.php(361): CodeIgniter\CodeIgniter->handleRequest(null, Object(Config\Cache), false)
 7 FCPATH\index.php(79): CodeIgniter\CodeIgniter->run()
CRITICAL - 2024-03-15 08:35:34 --> CodeIgniter\View\Exceptions\ViewException: Invalid file: "\App\Modules\Client\Views\dashboard.php"
in SYSTEMPATH\Exceptions\FrameworkException.php on line 39.
 1 SYSTEMPATH\View\View.php(216): CodeIgniter\Exceptions\FrameworkException::forInvalidFile('\\App\\Modules\\Client\\Views\\dashboard.php')
 2 SYSTEMPATH\Common.php(1178): CodeIgniter\View\View->render('\\App\\Modules\\Client\\Views\\dashboard', [], true)
 3 APPPATH\Modules\Client\Controllers\DashboardController.php(8): view('\\App\\Modules\\Client\\Views\\dashboard')
 4 SYSTEMPATH\CodeIgniter.php(941): App\Modules\Client\Controllers\DashboardController->index()
 5 SYSTEMPATH\CodeIgniter.php(502): CodeIgniter\CodeIgniter->runController(Object(App\Modules\Client\Controllers\DashboardController))
 6 SYSTEMPATH\CodeIgniter.php(361): CodeIgniter\CodeIgniter->handleRequest(null, Object(Config\Cache), false)
 7 FCPATH\index.php(79): CodeIgniter\CodeIgniter->run()
CRITICAL - 2024-03-15 08:35:34 --> CodeIgniter\View\Exceptions\ViewException: Invalid file: "\App\Modules\Client\Views\dashboard.php"
in SYSTEMPATH\Exceptions\FrameworkException.php on line 39.
 1 SYSTEMPATH\View\View.php(216): CodeIgniter\Exceptions\FrameworkException::forInvalidFile('\\App\\Modules\\Client\\Views\\dashboard.php')
 2 SYSTEMPATH\Common.php(1178): CodeIgniter\View\View->render('\\App\\Modules\\Client\\Views\\dashboard', [], true)
 3 APPPATH\Modules\Client\Controllers\DashboardController.php(8): view('\\App\\Modules\\Client\\Views\\dashboard')
 4 SYSTEMPATH\CodeIgniter.php(941): App\Modules\Client\Controllers\DashboardController->index()
 5 SYSTEMPATH\CodeIgniter.php(502): CodeIgniter\CodeIgniter->runController(Object(App\Modules\Client\Controllers\DashboardController))
 6 SYSTEMPATH\CodeIgniter.php(361): CodeIgniter\CodeIgniter->handleRequest(null, Object(Config\Cache), false)
 7 FCPATH\index.php(79): CodeIgniter\CodeIgniter->run()
CRITICAL - 2024-03-15 08:35:34 --> CodeIgniter\View\Exceptions\ViewException: Invalid file: "\App\Modules\Client\Views\dashboard.php"
in SYSTEMPATH\Exceptions\FrameworkException.php on line 39.
 1 SYSTEMPATH\View\View.php(216): CodeIgniter\Exceptions\FrameworkException::forInvalidFile('\\App\\Modules\\Client\\Views\\dashboard.php')
 2 SYSTEMPATH\Common.php(1178): CodeIgniter\View\View->render('\\App\\Modules\\Client\\Views\\dashboard', [], true)
 3 APPPATH\Modules\Client\Controllers\DashboardController.php(8): view('\\App\\Modules\\Client\\Views\\dashboard')
 4 SYSTEMPATH\CodeIgniter.php(941): App\Modules\Client\Controllers\DashboardController->index()
 5 SYSTEMPATH\CodeIgniter.php(502): CodeIgniter\CodeIgniter->runController(Object(App\Modules\Client\Controllers\DashboardController))
 6 SYSTEMPATH\CodeIgniter.php(361): CodeIgniter\CodeIgniter->handleRequest(null, Object(Config\Cache), false)
 7 FCPATH\index.php(79): CodeIgniter\CodeIgniter->run()
CRITICAL - 2024-03-15 08:35:34 --> CodeIgniter\View\Exceptions\ViewException: Invalid file: "\App\Modules\Client\Views\dashboard.php"
in SYSTEMPATH\Exceptions\FrameworkException.php on line 39.
 1 SYSTEMPATH\View\View.php(216): CodeIgniter\Exceptions\FrameworkException::forInvalidFile('\\App\\Modules\\Client\\Views\\dashboard.php')
 2 SYSTEMPATH\Common.php(1178): CodeIgniter\View\View->render('\\App\\Modules\\Client\\Views\\dashboard', [], true)
 3 APPPATH\Modules\Client\Controllers\DashboardController.php(8): view('\\App\\Modules\\Client\\Views\\dashboard')
 4 SYSTEMPATH\CodeIgniter.php(941): App\Modules\Client\Controllers\DashboardController->index()
 5 SYSTEMPATH\CodeIgniter.php(502): CodeIgniter\CodeIgniter->runController(Object(App\Modules\Client\Controllers\DashboardController))
 6 SYSTEMPATH\CodeIgniter.php(361): CodeIgniter\CodeIgniter->handleRequest(null, Object(Config\Cache), false)
 7 FCPATH\index.php(79): CodeIgniter\CodeIgniter->run()
CRITICAL - 2024-03-15 08:35:34 --> CodeIgniter\View\Exceptions\ViewException: Invalid file: "\App\Modules\Client\Views\dashboard.php"
in SYSTEMPATH\Exceptions\FrameworkException.php on line 39.
 1 SYSTEMPATH\View\View.php(216): CodeIgniter\Exceptions\FrameworkException::forInvalidFile('\\App\\Modules\\Client\\Views\\dashboard.php')
 2 SYSTEMPATH\Common.php(1178): CodeIgniter\View\View->render('\\App\\Modules\\Client\\Views\\dashboard', [], true)
 3 APPPATH\Modules\Client\Controllers\DashboardController.php(8): view('\\App\\Modules\\Client\\Views\\dashboard')
 4 SYSTEMPATH\CodeIgniter.php(941): App\Modules\Client\Controllers\DashboardController->index()
 5 SYSTEMPATH\CodeIgniter.php(502): CodeIgniter\CodeIgniter->runController(Object(App\Modules\Client\Controllers\DashboardController))
 6 SYSTEMPATH\CodeIgniter.php(361): CodeIgniter\CodeIgniter->handleRequest(null, Object(Config\Cache), false)
 7 FCPATH\index.php(79): CodeIgniter\CodeIgniter->run()
CRITICAL - 2024-03-15 08:35:35 --> CodeIgniter\View\Exceptions\ViewException: Invalid file: "\App\Modules\Client\Views\dashboard.php"
in SYSTEMPATH\Exceptions\FrameworkException.php on line 39.
 1 SYSTEMPATH\View\View.php(216): CodeIgniter\Exceptions\FrameworkException::forInvalidFile('\\App\\Modules\\Client\\Views\\dashboard.php')
 2 SYSTEMPATH\Common.php(1178): CodeIgniter\View\View->render('\\App\\Modules\\Client\\Views\\dashboard', [], true)
 3 APPPATH\Modules\Client\Controllers\DashboardController.php(8): view('\\App\\Modules\\Client\\Views\\dashboard')
 4 SYSTEMPATH\CodeIgniter.php(941): App\Modules\Client\Controllers\DashboardController->index()
 5 SYSTEMPATH\CodeIgniter.php(502): CodeIgniter\CodeIgniter->runController(Object(App\Modules\Client\Controllers\DashboardController))
 6 SYSTEMPATH\CodeIgniter.php(361): CodeIgniter\CodeIgniter->handleRequest(null, Object(Config\Cache), false)
 7 FCPATH\index.php(79): CodeIgniter\CodeIgniter->run()
CRITICAL - 2024-03-15 08:35:35 --> CodeIgniter\View\Exceptions\ViewException: Invalid file: "\App\Modules\Client\Views\dashboard.php"
in SYSTEMPATH\Exceptions\FrameworkException.php on line 39.
 1 SYSTEMPATH\View\View.php(216): CodeIgniter\Exceptions\FrameworkException::forInvalidFile('\\App\\Modules\\Client\\Views\\dashboard.php')
 2 SYSTEMPATH\Common.php(1178): CodeIgniter\View\View->render('\\App\\Modules\\Client\\Views\\dashboard', [], true)
 3 APPPATH\Modules\Client\Controllers\DashboardController.php(8): view('\\App\\Modules\\Client\\Views\\dashboard')
 4 SYSTEMPATH\CodeIgniter.php(941): App\Modules\Client\Controllers\DashboardController->index()
 5 SYSTEMPATH\CodeIgniter.php(502): CodeIgniter\CodeIgniter->runController(Object(App\Modules\Client\Controllers\DashboardController))
 6 SYSTEMPATH\CodeIgniter.php(361): CodeIgniter\CodeIgniter->handleRequest(null, Object(Config\Cache), false)
 7 FCPATH\index.php(79): CodeIgniter\CodeIgniter->run()
CRITICAL - 2024-03-15 08:35:35 --> CodeIgniter\View\Exceptions\ViewException: Invalid file: "\App\Modules\Client\Views\dashboard.php"
in SYSTEMPATH\Exceptions\FrameworkException.php on line 39.
 1 SYSTEMPATH\View\View.php(216): CodeIgniter\Exceptions\FrameworkException::forInvalidFile('\\App\\Modules\\Client\\Views\\dashboard.php')
 2 SYSTEMPATH\Common.php(1178): CodeIgniter\View\View->render('\\App\\Modules\\Client\\Views\\dashboard', [], true)
 3 APPPATH\Modules\Client\Controllers\DashboardController.php(8): view('\\App\\Modules\\Client\\Views\\dashboard')
 4 SYSTEMPATH\CodeIgniter.php(941): App\Modules\Client\Controllers\DashboardController->index()
 5 SYSTEMPATH\CodeIgniter.php(502): CodeIgniter\CodeIgniter->runController(Object(App\Modules\Client\Controllers\DashboardController))
 6 SYSTEMPATH\CodeIgniter.php(361): CodeIgniter\CodeIgniter->handleRequest(null, Object(Config\Cache), false)
 7 FCPATH\index.php(79): CodeIgniter\CodeIgniter->run()
CRITICAL - 2024-03-15 08:35:35 --> CodeIgniter\View\Exceptions\ViewException: Invalid file: "\App\Modules\Client\Views\dashboard.php"
in SYSTEMPATH\Exceptions\FrameworkException.php on line 39.
 1 SYSTEMPATH\View\View.php(216): CodeIgniter\Exceptions\FrameworkException::forInvalidFile('\\App\\Modules\\Client\\Views\\dashboard.php')
 2 SYSTEMPATH\Common.php(1178): CodeIgniter\View\View->render('\\App\\Modules\\Client\\Views\\dashboard', [], true)
 3 APPPATH\Modules\Client\Controllers\DashboardController.php(8): view('\\App\\Modules\\Client\\Views\\dashboard')
 4 SYSTEMPATH\CodeIgniter.php(941): App\Modules\Client\Controllers\DashboardController->index()
 5 SYSTEMPATH\CodeIgniter.php(502): CodeIgniter\CodeIgniter->runController(Object(App\Modules\Client\Controllers\DashboardController))
 6 SYSTEMPATH\CodeIgniter.php(361): CodeIgniter\CodeIgniter->handleRequest(null, Object(Config\Cache), false)
 7 FCPATH\index.php(79): CodeIgniter\CodeIgniter->run()
CRITICAL - 2024-03-15 08:35:35 --> CodeIgniter\View\Exceptions\ViewException: Invalid file: "\App\Modules\Client\Views\dashboard.php"
in SYSTEMPATH\Exceptions\FrameworkException.php on line 39.
 1 SYSTEMPATH\View\View.php(216): CodeIgniter\Exceptions\FrameworkException::forInvalidFile('\\App\\Modules\\Client\\Views\\dashboard.php')
 2 SYSTEMPATH\Common.php(1178): CodeIgniter\View\View->render('\\App\\Modules\\Client\\Views\\dashboard', [], true)
 3 APPPATH\Modules\Client\Controllers\DashboardController.php(8): view('\\App\\Modules\\Client\\Views\\dashboard')
 4 SYSTEMPATH\CodeIgniter.php(941): App\Modules\Client\Controllers\DashboardController->index()
 5 SYSTEMPATH\CodeIgniter.php(502): CodeIgniter\CodeIgniter->runController(Object(App\Modules\Client\Controllers\DashboardController))
 6 SYSTEMPATH\CodeIgniter.php(361): CodeIgniter\CodeIgniter->handleRequest(null, Object(Config\Cache), false)
 7 FCPATH\index.php(79): CodeIgniter\CodeIgniter->run()
CRITICAL - 2024-03-15 08:35:36 --> CodeIgniter\View\Exceptions\ViewException: Invalid file: "\App\Modules\Client\Views\dashboard.php"
in SYSTEMPATH\Exceptions\FrameworkException.php on line 39.
 1 SYSTEMPATH\View\View.php(216): CodeIgniter\Exceptions\FrameworkException::forInvalidFile('\\App\\Modules\\Client\\Views\\dashboard.php')
 2 SYSTEMPATH\Common.php(1178): CodeIgniter\View\View->render('\\App\\Modules\\Client\\Views\\dashboard', [], true)
 3 APPPATH\Modules\Client\Controllers\DashboardController.php(8): view('\\App\\Modules\\Client\\Views\\dashboard')
 4 SYSTEMPATH\CodeIgniter.php(941): App\Modules\Client\Controllers\DashboardController->index()
 5 SYSTEMPATH\CodeIgniter.php(502): CodeIgniter\CodeIgniter->runController(Object(App\Modules\Client\Controllers\DashboardController))
 6 SYSTEMPATH\CodeIgniter.php(361): CodeIgniter\CodeIgniter->handleRequest(null, Object(Config\Cache), false)
 7 FCPATH\index.php(79): CodeIgniter\CodeIgniter->run()
CRITICAL - 2024-03-15 08:35:36 --> CodeIgniter\View\Exceptions\ViewException: Invalid file: "\App\Modules\Client\Views\dashboard.php"
in SYSTEMPATH\Exceptions\FrameworkException.php on line 39.
 1 SYSTEMPATH\View\View.php(216): CodeIgniter\Exceptions\FrameworkException::forInvalidFile('\\App\\Modules\\Client\\Views\\dashboard.php')
 2 SYSTEMPATH\Common.php(1178): CodeIgniter\View\View->render('\\App\\Modules\\Client\\Views\\dashboard', [], true)
 3 APPPATH\Modules\Client\Controllers\DashboardController.php(8): view('\\App\\Modules\\Client\\Views\\dashboard')
 4 SYSTEMPATH\CodeIgniter.php(941): App\Modules\Client\Controllers\DashboardController->index()
 5 SYSTEMPATH\CodeIgniter.php(502): CodeIgniter\CodeIgniter->runController(Object(App\Modules\Client\Controllers\DashboardController))
 6 SYSTEMPATH\CodeIgniter.php(361): CodeIgniter\CodeIgniter->handleRequest(null, Object(Config\Cache), false)
 7 FCPATH\index.php(79): CodeIgniter\CodeIgniter->run()
CRITICAL - 2024-03-15 08:35:36 --> CodeIgniter\View\Exceptions\ViewException: Invalid file: "\App\Modules\Client\Views\dashboard.php"
in SYSTEMPATH\Exceptions\FrameworkException.php on line 39.
 1 SYSTEMPATH\View\View.php(216): CodeIgniter\Exceptions\FrameworkException::forInvalidFile('\\App\\Modules\\Client\\Views\\dashboard.php')
 2 SYSTEMPATH\Common.php(1178): CodeIgniter\View\View->render('\\App\\Modules\\Client\\Views\\dashboard', [], true)
 3 APPPATH\Modules\Client\Controllers\DashboardController.php(8): view('\\App\\Modules\\Client\\Views\\dashboard')
 4 SYSTEMPATH\CodeIgniter.php(941): App\Modules\Client\Controllers\DashboardController->index()
 5 SYSTEMPATH\CodeIgniter.php(502): CodeIgniter\CodeIgniter->runController(Object(App\Modules\Client\Controllers\DashboardController))
 6 SYSTEMPATH\CodeIgniter.php(361): CodeIgniter\CodeIgniter->handleRequest(null, Object(Config\Cache), false)
 7 FCPATH\index.php(79): CodeIgniter\CodeIgniter->run()
CRITICAL - 2024-03-15 08:35:36 --> CodeIgniter\View\Exceptions\ViewException: Invalid file: "\App\Modules\Client\Views\dashboard.php"
in SYSTEMPATH\Exceptions\FrameworkException.php on line 39.
 1 SYSTEMPATH\View\View.php(216): CodeIgniter\Exceptions\FrameworkException::forInvalidFile('\\App\\Modules\\Client\\Views\\dashboard.php')
 2 SYSTEMPATH\Common.php(1178): CodeIgniter\View\View->render('\\App\\Modules\\Client\\Views\\dashboard', [], true)
 3 APPPATH\Modules\Client\Controllers\DashboardController.php(8): view('\\App\\Modules\\Client\\Views\\dashboard')
 4 SYSTEMPATH\CodeIgniter.php(941): App\Modules\Client\Controllers\DashboardController->index()
 5 SYSTEMPATH\CodeIgniter.php(502): CodeIgniter\CodeIgniter->runController(Object(App\Modules\Client\Controllers\DashboardController))
 6 SYSTEMPATH\CodeIgniter.php(361): CodeIgniter\CodeIgniter->handleRequest(null, Object(Config\Cache), false)
 7 FCPATH\index.php(79): CodeIgniter\CodeIgniter->run()
CRITICAL - 2024-03-15 08:35:36 --> CodeIgniter\View\Exceptions\ViewException: Invalid file: "\App\Modules\Client\Views\dashboard.php"
in SYSTEMPATH\Exceptions\FrameworkException.php on line 39.
 1 SYSTEMPATH\View\View.php(216): CodeIgniter\Exceptions\FrameworkException::forInvalidFile('\\App\\Modules\\Client\\Views\\dashboard.php')
 2 SYSTEMPATH\Common.php(1178): CodeIgniter\View\View->render('\\App\\Modules\\Client\\Views\\dashboard', [], true)
 3 APPPATH\Modules\Client\Controllers\DashboardController.php(8): view('\\App\\Modules\\Client\\Views\\dashboard')
 4 SYSTEMPATH\CodeIgniter.php(941): App\Modules\Client\Controllers\DashboardController->index()
 5 SYSTEMPATH\CodeIgniter.php(502): CodeIgniter\CodeIgniter->runController(Object(App\Modules\Client\Controllers\DashboardController))
 6 SYSTEMPATH\CodeIgniter.php(361): CodeIgniter\CodeIgniter->handleRequest(null, Object(Config\Cache), false)
 7 FCPATH\index.php(79): CodeIgniter\CodeIgniter->run()
CRITICAL - 2024-03-15 08:35:37 --> CodeIgniter\View\Exceptions\ViewException: Invalid file: "\App\Modules\Client\Views\dashboard.php"
in SYSTEMPATH\Exceptions\FrameworkException.php on line 39.
 1 SYSTEMPATH\View\View.php(216): CodeIgniter\Exceptions\FrameworkException::forInvalidFile('\\App\\Modules\\Client\\Views\\dashboard.php')
 2 SYSTEMPATH\Common.php(1178): CodeIgniter\View\View->render('\\App\\Modules\\Client\\Views\\dashboard', [], true)
 3 APPPATH\Modules\Client\Controllers\DashboardController.php(8): view('\\App\\Modules\\Client\\Views\\dashboard')
 4 SYSTEMPATH\CodeIgniter.php(941): App\Modules\Client\Controllers\DashboardController->index()
 5 SYSTEMPATH\CodeIgniter.php(502): CodeIgniter\CodeIgniter->runController(Object(App\Modules\Client\Controllers\DashboardController))
 6 SYSTEMPATH\CodeIgniter.php(361): CodeIgniter\CodeIgniter->handleRequest(null, Object(Config\Cache), false)
 7 FCPATH\index.php(79): CodeIgniter\CodeIgniter->run()
CRITICAL - 2024-03-15 08:35:49 --> CodeIgniter\View\Exceptions\ViewException: Invalid file: "\App\Modules\Client\Views\dashboard.php"
in SYSTEMPATH\Exceptions\FrameworkException.php on line 39.
 1 SYSTEMPATH\View\View.php(216): CodeIgniter\Exceptions\FrameworkException::forInvalidFile('\\App\\Modules\\Client\\Views\\dashboard.php')
 2 SYSTEMPATH\Common.php(1178): CodeIgniter\View\View->render('\\App\\Modules\\Client\\Views\\dashboard', [], true)
 3 APPPATH\Modules\Client\Controllers\DashboardController.php(8): view('\\App\\Modules\\Client\\Views\\dashboard')
 4 SYSTEMPATH\CodeIgniter.php(941): App\Modules\Client\Controllers\DashboardController->index()
 5 SYSTEMPATH\CodeIgniter.php(502): CodeIgniter\CodeIgniter->runController(Object(App\Modules\Client\Controllers\DashboardController))
 6 SYSTEMPATH\CodeIgniter.php(361): CodeIgniter\CodeIgniter->handleRequest(null, Object(Config\Cache), false)
 7 FCPATH\index.php(79): CodeIgniter\CodeIgniter->run()
CRITICAL - 2024-03-15 08:35:49 --> CodeIgniter\View\Exceptions\ViewException: Invalid file: "\App\Modules\Client\Views\dashboard.php"
in SYSTEMPATH\Exceptions\FrameworkException.php on line 39.
 1 SYSTEMPATH\View\View.php(216): CodeIgniter\Exceptions\FrameworkException::forInvalidFile('\\App\\Modules\\Client\\Views\\dashboard.php')
 2 SYSTEMPATH\Common.php(1178): CodeIgniter\View\View->render('\\App\\Modules\\Client\\Views\\dashboard', [], true)
 3 APPPATH\Modules\Client\Controllers\DashboardController.php(8): view('\\App\\Modules\\Client\\Views\\dashboard')
 4 SYSTEMPATH\CodeIgniter.php(941): App\Modules\Client\Controllers\DashboardController->index()
 5 SYSTEMPATH\CodeIgniter.php(502): CodeIgniter\CodeIgniter->runController(Object(App\Modules\Client\Controllers\DashboardController))
 6 SYSTEMPATH\CodeIgniter.php(361): CodeIgniter\CodeIgniter->handleRequest(null, Object(Config\Cache), false)
 7 FCPATH\index.php(79): CodeIgniter\CodeIgniter->run()
CRITICAL - 2024-03-15 08:35:50 --> CodeIgniter\View\Exceptions\ViewException: Invalid file: "\App\Modules\Client\Views\dashboard.php"
in SYSTEMPATH\Exceptions\FrameworkException.php on line 39.
 1 SYSTEMPATH\View\View.php(216): CodeIgniter\Exceptions\FrameworkException::forInvalidFile('\\App\\Modules\\Client\\Views\\dashboard.php')
 2 SYSTEMPATH\Common.php(1178): CodeIgniter\View\View->render('\\App\\Modules\\Client\\Views\\dashboard', [], true)
 3 APPPATH\Modules\Client\Controllers\DashboardController.php(8): view('\\App\\Modules\\Client\\Views\\dashboard')
 4 SYSTEMPATH\CodeIgniter.php(941): App\Modules\Client\Controllers\DashboardController->index()
 5 SYSTEMPATH\CodeIgniter.php(502): CodeIgniter\CodeIgniter->runController(Object(App\Modules\Client\Controllers\DashboardController))
 6 SYSTEMPATH\CodeIgniter.php(361): CodeIgniter\CodeIgniter->handleRequest(null, Object(Config\Cache), false)
 7 FCPATH\index.php(79): CodeIgniter\CodeIgniter->run()
CRITICAL - 2024-03-15 08:35:50 --> CodeIgniter\View\Exceptions\ViewException: Invalid file: "\App\Modules\Client\Views\dashboard.php"
in SYSTEMPATH\Exceptions\FrameworkException.php on line 39.
 1 SYSTEMPATH\View\View.php(216): CodeIgniter\Exceptions\FrameworkException::forInvalidFile('\\App\\Modules\\Client\\Views\\dashboard.php')
 2 SYSTEMPATH\Common.php(1178): CodeIgniter\View\View->render('\\App\\Modules\\Client\\Views\\dashboard', [], true)
 3 APPPATH\Modules\Client\Controllers\DashboardController.php(8): view('\\App\\Modules\\Client\\Views\\dashboard')
 4 SYSTEMPATH\CodeIgniter.php(941): App\Modules\Client\Controllers\DashboardController->index()
 5 SYSTEMPATH\CodeIgniter.php(502): CodeIgniter\CodeIgniter->runController(Object(App\Modules\Client\Controllers\DashboardController))
 6 SYSTEMPATH\CodeIgniter.php(361): CodeIgniter\CodeIgniter->handleRequest(null, Object(Config\Cache), false)
 7 FCPATH\index.php(79): CodeIgniter\CodeIgniter->run()
CRITICAL - 2024-03-15 08:35:50 --> CodeIgniter\View\Exceptions\ViewException: Invalid file: "\App\Modules\Client\Views\dashboard.php"
in SYSTEMPATH\Exceptions\FrameworkException.php on line 39.
 1 SYSTEMPATH\View\View.php(216): CodeIgniter\Exceptions\FrameworkException::forInvalidFile('\\App\\Modules\\Client\\Views\\dashboard.php')
 2 SYSTEMPATH\Common.php(1178): CodeIgniter\View\View->render('\\App\\Modules\\Client\\Views\\dashboard', [], true)
 3 APPPATH\Modules\Client\Controllers\DashboardController.php(8): view('\\App\\Modules\\Client\\Views\\dashboard')
 4 SYSTEMPATH\CodeIgniter.php(941): App\Modules\Client\Controllers\DashboardController->index()
 5 SYSTEMPATH\CodeIgniter.php(502): CodeIgniter\CodeIgniter->runController(Object(App\Modules\Client\Controllers\DashboardController))
 6 SYSTEMPATH\CodeIgniter.php(361): CodeIgniter\CodeIgniter->handleRequest(null, Object(Config\Cache), false)
 7 FCPATH\index.php(79): CodeIgniter\CodeIgniter->run()
CRITICAL - 2024-03-15 08:35:50 --> CodeIgniter\View\Exceptions\ViewException: Invalid file: "\App\Modules\Client\Views\dashboard.php"
in SYSTEMPATH\Exceptions\FrameworkException.php on line 39.
 1 SYSTEMPATH\View\View.php(216): CodeIgniter\Exceptions\FrameworkException::forInvalidFile('\\App\\Modules\\Client\\Views\\dashboard.php')
 2 SYSTEMPATH\Common.php(1178): CodeIgniter\View\View->render('\\App\\Modules\\Client\\Views\\dashboard', [], true)
 3 APPPATH\Modules\Client\Controllers\DashboardController.php(8): view('\\App\\Modules\\Client\\Views\\dashboard')
 4 SYSTEMPATH\CodeIgniter.php(941): App\Modules\Client\Controllers\DashboardController->index()
 5 SYSTEMPATH\CodeIgniter.php(502): CodeIgniter\CodeIgniter->runController(Object(App\Modules\Client\Controllers\DashboardController))
 6 SYSTEMPATH\CodeIgniter.php(361): CodeIgniter\CodeIgniter->handleRequest(null, Object(Config\Cache), false)
 7 FCPATH\index.php(79): CodeIgniter\CodeIgniter->run()
CRITICAL - 2024-03-15 08:35:50 --> CodeIgniter\View\Exceptions\ViewException: Invalid file: "\App\Modules\Client\Views\dashboard.php"
in SYSTEMPATH\Exceptions\FrameworkException.php on line 39.
 1 SYSTEMPATH\View\View.php(216): CodeIgniter\Exceptions\FrameworkException::forInvalidFile('\\App\\Modules\\Client\\Views\\dashboard.php')
 2 SYSTEMPATH\Common.php(1178): CodeIgniter\View\View->render('\\App\\Modules\\Client\\Views\\dashboard', [], true)
 3 APPPATH\Modules\Client\Controllers\DashboardController.php(8): view('\\App\\Modules\\Client\\Views\\dashboard')
 4 SYSTEMPATH\CodeIgniter.php(941): App\Modules\Client\Controllers\DashboardController->index()
 5 SYSTEMPATH\CodeIgniter.php(502): CodeIgniter\CodeIgniter->runController(Object(App\Modules\Client\Controllers\DashboardController))
 6 SYSTEMPATH\CodeIgniter.php(361): CodeIgniter\CodeIgniter->handleRequest(null, Object(Config\Cache), false)
 7 FCPATH\index.php(79): CodeIgniter\CodeIgniter->run()
CRITICAL - 2024-03-15 09:00:35 --> CodeIgniter\View\Exceptions\ViewException: Invalid file: "\App\Modules\Client\Views\dashboard.php"
in SYSTEMPATH\Exceptions\FrameworkException.php on line 39.
 1 SYSTEMPATH\View\View.php(216): CodeIgniter\Exceptions\FrameworkException::forInvalidFile('\\App\\Modules\\Client\\Views\\dashboard.php')
 2 SYSTEMPATH\Common.php(1178): CodeIgniter\View\View->render('\\App\\Modules\\Client\\Views\\dashboard', [], true)
 3 APPPATH\Modules\Client\Controllers\DashboardController.php(8): view('\\App\\Modules\\Client\\Views\\dashboard')
 4 SYSTEMPATH\CodeIgniter.php(941): App\Modules\Client\Controllers\DashboardController->index()
 5 SYSTEMPATH\CodeIgniter.php(502): CodeIgniter\CodeIgniter->runController(Object(App\Modules\Client\Controllers\DashboardController))
 6 SYSTEMPATH\CodeIgniter.php(361): CodeIgniter\CodeIgniter->handleRequest(null, Object(Config\Cache), false)
 7 FCPATH\index.php(79): CodeIgniter\CodeIgniter->run()
CRITICAL - 2024-03-15 09:10:51 --> ErrorException: Undefined variable $World
in APPPATH\Modules\Client\Views\dashboard.php on line 7.
 1 APPPATH\Modules\Client\Views\dashboard.php(7): CodeIgniter\Debug\Exceptions->errorHandler(2, 'Undefined variable $World', 'C:\\xampp\\htdocs\\world\\app\\Modules\\Client\\Views\\dashboard.php', 7)
 2 SYSTEMPATH\View\View.php(228): include('C:\\xampp\\htdocs\\world\\app\\Modules\\Client\\Views\\dashboard.php')
 3 SYSTEMPATH\View\View.php(231): CodeIgniter\View\View->CodeIgniter\View\{closure}()
 4 SYSTEMPATH\Common.php(1178): CodeIgniter\View\View->render('\\App\\Modules\\Client\\Views\\dashboard', [], true)
 5 APPPATH\Modules\Client\Controllers\DashboardController.php(8): view('\\App\\Modules\\Client\\Views\\dashboard')
 6 SYSTEMPATH\CodeIgniter.php(941): App\Modules\Client\Controllers\DashboardController->index()
 7 SYSTEMPATH\CodeIgniter.php(502): CodeIgniter\CodeIgniter->runController(Object(App\Modules\Client\Controllers\DashboardController))
 8 SYSTEMPATH\CodeIgniter.php(361): CodeIgniter\CodeIgniter->handleRequest(null, Object(Config\Cache), false)
 9 FCPATH\index.php(79): CodeIgniter\CodeIgniter->run()
CRITICAL - 2024-03-15 09:10:52 --> ErrorException: Undefined variable $World
in APPPATH\Modules\Client\Views\dashboard.php on line 7.
 1 APPPATH\Modules\Client\Views\dashboard.php(7): CodeIgniter\Debug\Exceptions->errorHandler(2, 'Undefined variable $World', 'C:\\xampp\\htdocs\\world\\app\\Modules\\Client\\Views\\dashboard.php', 7)
 2 SYSTEMPATH\View\View.php(228): include('C:\\xampp\\htdocs\\world\\app\\Modules\\Client\\Views\\dashboard.php')
 3 SYSTEMPATH\View\View.php(231): CodeIgniter\View\View->CodeIgniter\View\{closure}()
 4 SYSTEMPATH\Common.php(1178): CodeIgniter\View\View->render('\\App\\Modules\\Client\\Views\\dashboard', [], true)
 5 APPPATH\Modules\Client\Controllers\DashboardController.php(8): view('\\App\\Modules\\Client\\Views\\dashboard')
 6 SYSTEMPATH\CodeIgniter.php(941): App\Modules\Client\Controllers\DashboardController->index()
 7 SYSTEMPATH\CodeIgniter.php(502): CodeIgniter\CodeIgniter->runController(Object(App\Modules\Client\Controllers\DashboardController))
 8 SYSTEMPATH\CodeIgniter.php(361): CodeIgniter\CodeIgniter->handleRequest(null, Object(Config\Cache), false)
 9 FCPATH\index.php(79): CodeIgniter\CodeIgniter->run()
CRITICAL - 2024-03-15 09:10:52 --> ErrorException: Undefined variable $World
in APPPATH\Modules\Client\Views\dashboard.php on line 7.
 1 APPPATH\Modules\Client\Views\dashboard.php(7): CodeIgniter\Debug\Exceptions->errorHandler(2, 'Undefined variable $World', 'C:\\xampp\\htdocs\\world\\app\\Modules\\Client\\Views\\dashboard.php', 7)
 2 SYSTEMPATH\View\View.php(228): include('C:\\xampp\\htdocs\\world\\app\\Modules\\Client\\Views\\dashboard.php')
 3 SYSTEMPATH\View\View.php(231): CodeIgniter\View\View->CodeIgniter\View\{closure}()
 4 SYSTEMPATH\Common.php(1178): CodeIgniter\View\View->render('\\App\\Modules\\Client\\Views\\dashboard', [], true)
 5 APPPATH\Modules\Client\Controllers\DashboardController.php(8): view('\\App\\Modules\\Client\\Views\\dashboard')
 6 SYSTEMPATH\CodeIgniter.php(941): App\Modules\Client\Controllers\DashboardController->index()
 7 SYSTEMPATH\CodeIgniter.php(502): CodeIgniter\CodeIgniter->runController(Object(App\Modules\Client\Controllers\DashboardController))
 8 SYSTEMPATH\CodeIgniter.php(361): CodeIgniter\CodeIgniter->handleRequest(null, Object(Config\Cache), false)
 9 FCPATH\index.php(79): CodeIgniter\CodeIgniter->run()
CRITICAL - 2024-03-15 09:10:52 --> ErrorException: Undefined variable $World
in APPPATH\Modules\Client\Views\dashboard.php on line 7.
 1 APPPATH\Modules\Client\Views\dashboard.php(7): CodeIgniter\Debug\Exceptions->errorHandler(2, 'Undefined variable $World', 'C:\\xampp\\htdocs\\world\\app\\Modules\\Client\\Views\\dashboard.php', 7)
 2 SYSTEMPATH\View\View.php(228): include('C:\\xampp\\htdocs\\world\\app\\Modules\\Client\\Views\\dashboard.php')
 3 SYSTEMPATH\View\View.php(231): CodeIgniter\View\View->CodeIgniter\View\{closure}()
 4 SYSTEMPATH\Common.php(1178): CodeIgniter\View\View->render('\\App\\Modules\\Client\\Views\\dashboard', [], true)
 5 APPPATH\Modules\Client\Controllers\DashboardController.php(8): view('\\App\\Modules\\Client\\Views\\dashboard')
 6 SYSTEMPATH\CodeIgniter.php(941): App\Modules\Client\Controllers\DashboardController->index()
 7 SYSTEMPATH\CodeIgniter.php(502): CodeIgniter\CodeIgniter->runController(Object(App\Modules\Client\Controllers\DashboardController))
 8 SYSTEMPATH\CodeIgniter.php(361): CodeIgniter\CodeIgniter->handleRequest(null, Object(Config\Cache), false)
 9 FCPATH\index.php(79): CodeIgniter\CodeIgniter->run()
CRITICAL - 2024-03-15 09:10:52 --> ErrorException: Undefined variable $World
in APPPATH\Modules\Client\Views\dashboard.php on line 7.
 1 APPPATH\Modules\Client\Views\dashboard.php(7): CodeIgniter\Debug\Exceptions->errorHandler(2, 'Undefined variable $World', 'C:\\xampp\\htdocs\\world\\app\\Modules\\Client\\Views\\dashboard.php', 7)
 2 SYSTEMPATH\View\View.php(228): include('C:\\xampp\\htdocs\\world\\app\\Modules\\Client\\Views\\dashboard.php')
 3 SYSTEMPATH\View\View.php(231): CodeIgniter\View\View->CodeIgniter\View\{closure}()
 4 SYSTEMPATH\Common.php(1178): CodeIgniter\View\View->render('\\App\\Modules\\Client\\Views\\dashboard', [], true)
 5 APPPATH\Modules\Client\Controllers\DashboardController.php(8): view('\\App\\Modules\\Client\\Views\\dashboard')
 6 SYSTEMPATH\CodeIgniter.php(941): App\Modules\Client\Controllers\DashboardController->index()
 7 SYSTEMPATH\CodeIgniter.php(502): CodeIgniter\CodeIgniter->runController(Object(App\Modules\Client\Controllers\DashboardController))
 8 SYSTEMPATH\CodeIgniter.php(361): CodeIgniter\CodeIgniter->handleRequest(null, Object(Config\Cache), false)
 9 FCPATH\index.php(79): CodeIgniter\CodeIgniter->run()
CRITICAL - 2024-03-15 10:53:14 --> ErrorException: include(World/app/assets): Failed to open stream: No such file or directory
in APPPATH\Modules\Client\Views\dashboard.php on line 6.
 1 APPPATH\Modules\Client\Views\dashboard.php(6): CodeIgniter\Debug\Exceptions->errorHandler(2, 'include(World/app/assets): Failed to open stream: No such file or directory', 'C:\\xampp\\htdocs\\world\\app\\Modules\\Client\\Views\\dashboard.php', 6)
 2 APPPATH\Modules\Client\Views\dashboard.php(6): include()
 3 SYSTEMPATH\View\View.php(228): include('C:\\xampp\\htdocs\\world\\app\\Modules\\Client\\Views\\dashboard.php')
 4 SYSTEMPATH\View\View.php(231): CodeIgniter\View\View->CodeIgniter\View\{closure}()
 5 SYSTEMPATH\Common.php(1178): CodeIgniter\View\View->render('\\App\\Modules\\Client\\Views\\dashboard', [], true)
 6 APPPATH\Modules\Client\Controllers\DashboardController.php(8): view('\\App\\Modules\\Client\\Views\\dashboard')
 7 SYSTEMPATH\CodeIgniter.php(941): App\Modules\Client\Controllers\DashboardController->index()
 8 SYSTEMPATH\CodeIgniter.php(502): CodeIgniter\CodeIgniter->runController(Object(App\Modules\Client\Controllers\DashboardController))
 9 SYSTEMPATH\CodeIgniter.php(361): CodeIgniter\CodeIgniter->handleRequest(null, Object(Config\Cache), false)
10 FCPATH\index.php(79): CodeIgniter\CodeIgniter->run()
