ERROR - 2024-04-01 13:34:12 --> ErrorException: pg_query(): Query failed: ERROR:  column device_details.client_id does not exist
LINE 4: ...e_details&quot; ON &quot;master&quot;.&quot;user_login&quot;.&quot;client_id&quot; = &quot;master&quot;.&quot;...
                                                             ^ in C:\xampp\htdocs\mbscan\system\Database\Postgre\Connection.php:187
Stack trace:
#0 [internal function]: CodeIgniter\Debug\Exceptions->errorHandler(2, 'pg_query(): Que...', 'C:\\xampp\\htdocs...', 187)
#1 C:\xampp\htdocs\mbscan\system\Database\Postgre\Connection.php(187): pg_query(Object(PgSql\Connection), 'SELECT "master"...')
#2 C:\xampp\htdocs\mbscan\system\Database\BaseConnection.php(693): CodeIgniter\Database\Postgre\Connection->execute('SELECT "master"...')
#3 C:\xampp\htdocs\mbscan\system\Database\BaseConnection.php(607): CodeIgniter\Database\BaseConnection->simpleQuery('SELECT "master"...')
#4 C:\xampp\htdocs\mbscan\system\Database\BaseBuilder.php(1616): CodeIgniter\Database\BaseConnection->query('SELECT "master"...', Array, false)
#5 C:\xampp\htdocs\mbscan\system\Model.php(270): CodeIgniter\Database\BaseBuilder->get()
#6 C:\xampp\htdocs\mbscan\system\BaseModel.php(676): CodeIgniter\Model->doFirst()
#7 C:\xampp\htdocs\mbscan\app\Modules\Client\Models\clientLoginModel.php(42): CodeIgniter\BaseModel->first()
#8 C:\xampp\htdocs\mbscan\app\Modules\Client\Controllers\DashboardController.php(44): App\Modules\client\Models\clientLoginModel->getUserData('69')
#9 C:\xampp\htdocs\mbscan\system\CodeIgniter.php(941): App\Modules\Client\Controllers\DashboardController->getUser()
#10 C:\xampp\htdocs\mbscan\system\CodeIgniter.php(502): CodeIgniter\CodeIgniter->runController(Object(App\Modules\Client\Controllers\DashboardController))
#11 C:\xampp\htdocs\mbscan\system\CodeIgniter.php(361): CodeIgniter\CodeIgniter->handleRequest(NULL, Object(Config\Cache), false)
#12 C:\xampp\htdocs\mbscan\index.php(79): CodeIgniter\CodeIgniter->run()
#13 {main}
CRITICAL - 2024-04-01 13:34:12 --> CodeIgniter\Database\Exceptions\DatabaseException: pg_query(): Query failed: ERROR:  column device_details.client_id does not exist
LINE 4: ...e_details&quot; ON &quot;master&quot;.&quot;user_login&quot;.&quot;client_id&quot; = &quot;master&quot;.&quot;...
                                                             ^
in SYSTEMPATH\Database\BaseConnection.php on line 647.
 1 SYSTEMPATH\Database\BaseBuilder.php(1616): CodeIgniter\Database\BaseConnection->query('SELECT "master"."user_login".*, "master"."user_role".*, "master"."device_details".*
FROM "master"."user_login"
JOIN "master"."user_role" ON "master"."user_login"."id" = "master"."user_role"."user_id"
JOIN "master"."device_details" ON "master"."user_login"."client_id" = "master"."device_details"."client_id"
WHERE "master"."user_login"."id" = :master.user_login.id:
 LIMIT 1', [...], false)
 2 SYSTEMPATH\Model.php(270): CodeIgniter\Database\BaseBuilder->get()
 3 SYSTEMPATH\BaseModel.php(676): CodeIgniter\Model->doFirst()
 4 APPPATH\Modules\Client\Models\clientLoginModel.php(42): CodeIgniter\BaseModel->first()
 5 APPPATH\Modules\Client\Controllers\DashboardController.php(44): App\Modules\client\Models\clientLoginModel->getUserData('69')
 6 SYSTEMPATH\CodeIgniter.php(941): App\Modules\Client\Controllers\DashboardController->getUser()
 7 SYSTEMPATH\CodeIgniter.php(502): CodeIgniter\CodeIgniter->runController(Object(App\Modules\Client\Controllers\DashboardController))
 8 SYSTEMPATH\CodeIgniter.php(361): CodeIgniter\CodeIgniter->handleRequest(null, Object(Config\Cache), false)
 9 FCPATH\index.php(79): CodeIgniter\CodeIgniter->run()
CRITICAL - 2024-04-01 13:34:12 --> [Caused by] CodeIgniter\Database\Exceptions\DatabaseException: pg_query(): Query failed: ERROR:  column device_details.client_id does not exist
LINE 4: ...e_details&quot; ON &quot;master&quot;.&quot;user_login&quot;.&quot;client_id&quot; = &quot;master&quot;.&quot;...
                                                             ^
in SYSTEMPATH\Database\Postgre\Connection.php on line 192.
 1 SYSTEMPATH\Database\BaseConnection.php(693): CodeIgniter\Database\Postgre\Connection->execute('SELECT "master"."user_login".*, "master"."user_role".*, "master"."device_details".*
FROM "master"."user_login"
JOIN "master"."user_role" ON "master"."user_login"."id" = "master"."user_role"."user_id"
JOIN "master"."device_details" ON "master"."user_login"."client_id" = "master"."device_details"."client_id"
WHERE "master"."user_login"."id" = \'69\'
 LIMIT 1')
 2 SYSTEMPATH\Database\BaseConnection.php(607): CodeIgniter\Database\BaseConnection->simpleQuery('SELECT "master"."user_login".*, "master"."user_role".*, "master"."device_details".*
FROM "master"."user_login"
JOIN "master"."user_role" ON "master"."user_login"."id" = "master"."user_role"."user_id"
JOIN "master"."device_details" ON "master"."user_login"."client_id" = "master"."device_details"."client_id"
WHERE "master"."user_login"."id" = \'69\'
 LIMIT 1')
 3 SYSTEMPATH\Database\BaseBuilder.php(1616): CodeIgniter\Database\BaseConnection->query('SELECT "master"."user_login".*, "master"."user_role".*, "master"."device_details".*
FROM "master"."user_login"
JOIN "master"."user_role" ON "master"."user_login"."id" = "master"."user_role"."user_id"
JOIN "master"."device_details" ON "master"."user_login"."client_id" = "master"."device_details"."client_id"
WHERE "master"."user_login"."id" = :master.user_login.id:
 LIMIT 1', [...], false)
 4 SYSTEMPATH\Model.php(270): CodeIgniter\Database\BaseBuilder->get()
 5 SYSTEMPATH\BaseModel.php(676): CodeIgniter\Model->doFirst()
 6 APPPATH\Modules\Client\Models\clientLoginModel.php(42): CodeIgniter\BaseModel->first()
 7 APPPATH\Modules\Client\Controllers\DashboardController.php(44): App\Modules\client\Models\clientLoginModel->getUserData('69')
 8 SYSTEMPATH\CodeIgniter.php(941): App\Modules\Client\Controllers\DashboardController->getUser()
 9 SYSTEMPATH\CodeIgniter.php(502): CodeIgniter\CodeIgniter->runController(Object(App\Modules\Client\Controllers\DashboardController))
10 SYSTEMPATH\CodeIgniter.php(361): CodeIgniter\CodeIgniter->handleRequest(null, Object(Config\Cache), false)
11 FCPATH\index.php(79): CodeIgniter\CodeIgniter->run()
CRITICAL - 2024-04-01 13:34:12 --> [Caused by] ErrorException: pg_query(): Query failed: ERROR:  column device_details.client_id does not exist
LINE 4: ...e_details&quot; ON &quot;master&quot;.&quot;user_login&quot;.&quot;client_id&quot; = &quot;master&quot;.&quot;...
                                                             ^
in SYSTEMPATH\Database\Postgre\Connection.php on line 187.
 1 [internal function]: CodeIgniter\Debug\Exceptions->errorHandler(2, 'pg_query(): Query failed: ERROR:  column device_details.client_id does not exist
LINE 4: ...e_details&quot; ON &quot;master&quot;.&quot;user_login&quot;.&quot;client_id&quot; = &quot;master&quot;.&quot;...
                                                             ^', 'C:\\xampp\\htdocs\\mbscan\\system\\Database\\Postgre\\Connection.php', 187)
 2 SYSTEMPATH\Database\Postgre\Connection.php(187): pg_query(Object(PgSql\Connection), 'SELECT "master"."user_login".*, "master"."user_role".*, "master"."device_details".*
FROM "master"."user_login"
JOIN "master"."user_role" ON "master"."user_login"."id" = "master"."user_role"."user_id"
JOIN "master"."device_details" ON "master"."user_login"."client_id" = "master"."device_details"."client_id"
WHERE "master"."user_login"."id" = \'69\'
 LIMIT 1')
 3 SYSTEMPATH\Database\BaseConnection.php(693): CodeIgniter\Database\Postgre\Connection->execute('SELECT "master"."user_login".*, "master"."user_role".*, "master"."device_details".*
FROM "master"."user_login"
JOIN "master"."user_role" ON "master"."user_login"."id" = "master"."user_role"."user_id"
JOIN "master"."device_details" ON "master"."user_login"."client_id" = "master"."device_details"."client_id"
WHERE "master"."user_login"."id" = \'69\'
 LIMIT 1')
 4 SYSTEMPATH\Database\BaseConnection.php(607): CodeIgniter\Database\BaseConnection->simpleQuery('SELECT "master"."user_login".*, "master"."user_role".*, "master"."device_details".*
FROM "master"."user_login"
JOIN "master"."user_role" ON "master"."user_login"."id" = "master"."user_role"."user_id"
JOIN "master"."device_details" ON "master"."user_login"."client_id" = "master"."device_details"."client_id"
WHERE "master"."user_login"."id" = \'69\'
 LIMIT 1')
 5 SYSTEMPATH\Database\BaseBuilder.php(1616): CodeIgniter\Database\BaseConnection->query('SELECT "master"."user_login".*, "master"."user_role".*, "master"."device_details".*
FROM "master"."user_login"
JOIN "master"."user_role" ON "master"."user_login"."id" = "master"."user_role"."user_id"
JOIN "master"."device_details" ON "master"."user_login"."client_id" = "master"."device_details"."client_id"
WHERE "master"."user_login"."id" = :master.user_login.id:
 LIMIT 1', [...], false)
 6 SYSTEMPATH\Model.php(270): CodeIgniter\Database\BaseBuilder->get()
 7 SYSTEMPATH\BaseModel.php(676): CodeIgniter\Model->doFirst()
 8 APPPATH\Modules\Client\Models\clientLoginModel.php(42): CodeIgniter\BaseModel->first()
 9 APPPATH\Modules\Client\Controllers\DashboardController.php(44): App\Modules\client\Models\clientLoginModel->getUserData('69')
10 SYSTEMPATH\CodeIgniter.php(941): App\Modules\Client\Controllers\DashboardController->getUser()
11 SYSTEMPATH\CodeIgniter.php(502): CodeIgniter\CodeIgniter->runController(Object(App\Modules\Client\Controllers\DashboardController))
12 SYSTEMPATH\CodeIgniter.php(361): CodeIgniter\CodeIgniter->handleRequest(null, Object(Config\Cache), false)
13 FCPATH\index.php(79): CodeIgniter\CodeIgniter->run()
