
ERROR - 2024-04-09 12:37:47 --> ErrorException: pg_query(): Query failed: ERROR:  invalid input syntax for type integer: &quot;all&quot;
LINE 1: ...&quot;device_details&quot; (&quot;device_id&quot;, &quot;user_id&quot;) VALUES ('all', 115...
                                                             ^ in C:\xampp\htdocs\mbscan\system\Database\Postgre\Connection.php:187
Stack trace:
#0 [internal function]: CodeIgniter\Debug\Exceptions->errorHandler(2, 'pg_query(): Que...', 'C:\\xampp\\htdocs...', 187)
#1 C:\xampp\htdocs\mbscan\system\Database\Postgre\Connection.php(187): pg_query(Object(PgSql\Connection), 'INSERT INTO "ma...')
#2 C:\xampp\htdocs\mbscan\system\Database\BaseConnection.php(693): CodeIgniter\Database\Postgre\Connection->execute('INSERT INTO "ma...')
#3 C:\xampp\htdocs\mbscan\system\Database\BaseConnection.php(607): CodeIgniter\Database\BaseConnection->simpleQuery('INSERT INTO "ma...')
#4 C:\xampp\htdocs\mbscan\system\Database\BaseBuilder.php(2307): CodeIgniter\Database\BaseConnection->query('INSERT INTO "ma...', Array, false)
#5 C:\xampp\htdocs\mbscan\app\Modules\Superadmin\Controllers\SuperAdminController.php(181): CodeIgniter\Database\BaseBuilder->insert(Array)
#6 C:\xampp\htdocs\mbscan\system\CodeIgniter.php(941): App\Modules\superadmin\Controllers\superadminController->addUser()
#7 C:\xampp\htdocs\mbscan\system\CodeIgniter.php(502): CodeIgniter\CodeIgniter->runController(Object(App\Modules\superadmin\Controllers\superadminController))
#8 C:\xampp\htdocs\mbscan\system\CodeIgniter.php(361): CodeIgniter\CodeIgniter->handleRequest(NULL, Object(Config\Cache), false)
#9 C:\xampp\htdocs\mbscan\index.php(79): CodeIgniter\CodeIgniter->run()
#10 {main}
CRITICAL - 2024-04-09 12:37:47 --> CodeIgniter\Database\Exceptions\DatabaseException: pg_query(): Query failed: ERROR:  invalid input syntax for type integer: &quot;all&quot;
LINE 1: ...&quot;device_details&quot; (&quot;device_id&quot;, &quot;user_id&quot;) VALUES ('all', 115...
                                                             ^
in SYSTEMPATH\Database\BaseConnection.php on line 647.
 1 SYSTEMPATH\Database\BaseBuilder.php(2307): CodeIgniter\Database\BaseConnection->query('INSERT INTO "master"."device_details" ("device_id", "user_id") VALUES (:device_id:, :user_id:)', [...], false)
 2 APPPATH\Modules\Superadmin\Controllers\SuperAdminController.php(181): CodeIgniter\Database\BaseBuilder->insert([...])
 3 SYSTEMPATH\CodeIgniter.php(941): App\Modules\superadmin\Controllers\superadminController->addUser()
 4 SYSTEMPATH\CodeIgniter.php(502): CodeIgniter\CodeIgniter->runController(Object(App\Modules\superadmin\Controllers\superadminController))
 5 SYSTEMPATH\CodeIgniter.php(361): CodeIgniter\CodeIgniter->handleRequest(null, Object(Config\Cache), false)
 6 FCPATH\index.php(79): CodeIgniter\CodeIgniter->run()
CRITICAL - 2024-04-09 12:37:47 --> [Caused by] CodeIgniter\Database\Exceptions\DatabaseException: pg_query(): Query failed: ERROR:  invalid input syntax for type integer: &quot;all&quot;
LINE 1: ...&quot;device_details&quot; (&quot;device_id&quot;, &quot;user_id&quot;) VALUES ('all', 115...
                                                             ^
in SYSTEMPATH\Database\Postgre\Connection.php on line 192.
 1 SYSTEMPATH\Database\BaseConnection.php(693): CodeIgniter\Database\Postgre\Connection->execute('INSERT INTO "master"."device_details" ("device_id", "user_id") VALUES (\'all\', 115)')
 2 SYSTEMPATH\Database\BaseConnection.php(607): CodeIgniter\Database\BaseConnection->simpleQuery('INSERT INTO "master"."device_details" ("device_id", "user_id") VALUES (\'all\', 115)')
 3 SYSTEMPATH\Database\BaseBuilder.php(2307): CodeIgniter\Database\BaseConnection->query('INSERT INTO "master"."device_details" ("device_id", "user_id") VALUES (:device_id:, :user_id:)', [...], false)
 4 APPPATH\Modules\Superadmin\Controllers\SuperAdminController.php(181): CodeIgniter\Database\BaseBuilder->insert([...])
 5 SYSTEMPATH\CodeIgniter.php(941): App\Modules\superadmin\Controllers\superadminController->addUser()
 6 SYSTEMPATH\CodeIgniter.php(502): CodeIgniter\CodeIgniter->runController(Object(App\Modules\superadmin\Controllers\superadminController))
 7 SYSTEMPATH\CodeIgniter.php(361): CodeIgniter\CodeIgniter->handleRequest(null, Object(Config\Cache), false)
 8 FCPATH\index.php(79): CodeIgniter\CodeIgniter->run()
CRITICAL - 2024-04-09 12:37:47 --> [Caused by] ErrorException: pg_query(): Query failed: ERROR:  invalid input syntax for type integer: &quot;all&quot;
LINE 1: ...&quot;device_details&quot; (&quot;device_id&quot;, &quot;user_id&quot;) VALUES ('all', 115...
                                                             ^
in SYSTEMPATH\Database\Postgre\Connection.php on line 187.
 1 [internal function]: CodeIgniter\Debug\Exceptions->errorHandler(2, 'pg_query(): Query failed: ERROR:  invalid input syntax for type integer: &quot;all&quot;
LINE 1: ...&quot;device_details&quot; (&quot;device_id&quot;, &quot;user_id&quot;) VALUES (\'all\', 115...
                                                             ^', 'C:\\xampp\\htdocs\\mbscan\\system\\Database\\Postgre\\Connection.php', 187)
 2 SYSTEMPATH\Database\Postgre\Connection.php(187): pg_query(Object(PgSql\Connection), 'INSERT INTO "master"."device_details" ("device_id", "user_id") VALUES (\'all\', 115)')
 3 SYSTEMPATH\Database\BaseConnection.php(693): CodeIgniter\Database\Postgre\Connection->execute('INSERT INTO "master"."device_details" ("device_id", "user_id") VALUES (\'all\', 115)')
 4 SYSTEMPATH\Database\BaseConnection.php(607): CodeIgniter\Database\BaseConnection->simpleQuery('INSERT INTO "master"."device_details" ("device_id", "user_id") VALUES (\'all\', 115)')
 5 SYSTEMPATH\Database\BaseBuilder.php(2307): CodeIgniter\Database\BaseConnection->query('INSERT INTO "master"."device_details" ("device_id", "user_id") VALUES (:device_id:, :user_id:)', [...], false)
 6 APPPATH\Modules\Superadmin\Controllers\SuperAdminController.php(181): CodeIgniter\Database\BaseBuilder->insert([...])
 7 SYSTEMPATH\CodeIgniter.php(941): App\Modules\superadmin\Controllers\superadminController->addUser()
 8 SYSTEMPATH\CodeIgniter.php(502): CodeIgniter\CodeIgniter->runController(Object(App\Modules\superadmin\Controllers\superadminController))
 9 SYSTEMPATH\CodeIgniter.php(361): CodeIgniter\CodeIgniter->handleRequest(null, Object(Config\Cache), false)
10 FCPATH\index.php(79): CodeIgniter\CodeIgniter->run()
