CRITICAL - 2024-03-16 11:10:25 --> Error: Class "App\Models\AdminModel" not found
in APPPATH\Modules\Superadmin\Controllers\SuperAdminController.php on line 33.
 1 SYSTEMPATH\CodeIgniter.php(941): App\Modules\SuperAdmin\Controllers\SuperAdminController->login()
 2 SYSTEMPATH\CodeIgniter.php(502): CodeIgniter\CodeIgniter->runController(Object(App\Modules\SuperAdmin\Controllers\SuperAdminController))
 3 SYSTEMPATH\CodeIgniter.php(361): CodeIgniter\CodeIgniter->handleRequest(null, Object(Config\Cache), false)
 4 FCPATH\index.php(79): CodeIgniter\CodeIgniter->run()
CRITICAL - 2024-03-16 11:10:34 --> Error: Class "App\Models\AdminModel" not found
in APPPATH\Modules\Superadmin\Controllers\SuperAdminController.php on line 33.
 1 SYSTEMPATH\CodeIgniter.php(941): App\Modules\SuperAdmin\Controllers\SuperAdminController->login()
 2 SYSTEMPATH\CodeIgniter.php(502): CodeIgniter\CodeIgniter->runController(Object(App\Modules\SuperAdmin\Controllers\SuperAdminController))
 3 SYSTEMPATH\CodeIgniter.php(361): CodeIgniter\CodeIgniter->handleRequest(null, Object(Config\Cache), false)
 4 FCPATH\index.php(79): CodeIgniter\CodeIgniter->run()
CRITICAL - 2024-03-16 11:10:38 --> Error: Class "App\Models\AdminModel" not found
in APPPATH\Modules\Superadmin\Controllers\SuperAdminController.php on line 13.
 1 SYSTEMPATH\CodeIgniter.php(941): App\Modules\SuperAdmin\Controllers\SuperAdminController->signup()
 2 SYSTEMPATH\CodeIgniter.php(502): CodeIgniter\CodeIgniter->runController(Object(App\Modules\SuperAdmin\Controllers\SuperAdminController))
 3 SYSTEMPATH\CodeIgniter.php(361): CodeIgniter\CodeIgniter->handleRequest(null, Object(Config\Cache), false)
 4 FCPATH\index.php(79): CodeIgniter\CodeIgniter->run()
CRITICAL - 2024-03-16 11:10:50 --> Error: Class "App\Models\AdminModel" not found
in APPPATH\Modules\Superadmin\Controllers\SuperAdminController.php on line 33.
 1 SYSTEMPATH\CodeIgniter.php(941): App\Modules\SuperAdmin\Controllers\SuperAdminController->login()
 2 SYSTEMPATH\CodeIgniter.php(502): CodeIgniter\CodeIgniter->runController(Object(App\Modules\SuperAdmin\Controllers\SuperAdminController))
 3 SYSTEMPATH\CodeIgniter.php(361): CodeIgniter\CodeIgniter->handleRequest(null, Object(Config\Cache), false)
 4 FCPATH\index.php(79): CodeIgniter\CodeIgniter->run()
CRITICAL - 2024-03-16 11:12:34 --> Error: Class "App\Models\AdminModel" not found
in APPPATH\Modules\Superadmin\Controllers\SuperAdminController.php on line 33.
 1 SYSTEMPATH\CodeIgniter.php(941): App\Modules\SuperAdmin\Controllers\SuperAdminController->login()
 2 SYSTEMPATH\CodeIgniter.php(502): CodeIgniter\CodeIgniter->runController(Object(App\Modules\SuperAdmin\Controllers\SuperAdminController))
 3 SYSTEMPATH\CodeIgniter.php(361): CodeIgniter\CodeIgniter->handleRequest(null, Object(Config\Cache), false)
 4 FCPATH\index.php(79): CodeIgniter\CodeIgniter->run()
CRITICAL - 2024-03-16 11:12:45 --> Error: Class "App\Models\AdminModel" not found
in APPPATH\Modules\Superadmin\Controllers\SuperAdminController.php on line 33.
 1 SYSTEMPATH\CodeIgniter.php(941): App\Modules\SuperAdmin\Controllers\SuperAdminController->login()
 2 SYSTEMPATH\CodeIgniter.php(502): CodeIgniter\CodeIgniter->runController(Object(App\Modules\SuperAdmin\Controllers\SuperAdminController))
 3 SYSTEMPATH\CodeIgniter.php(361): CodeIgniter\CodeIgniter->handleRequest(null, Object(Config\Cache), false)
 4 FCPATH\index.php(79): CodeIgniter\CodeIgniter->run()
CRITICAL - 2024-03-16 11:58:23 --> CodeIgniter\View\Exceptions\ViewException: Invalid file: "login.php"
in SYSTEMPATH\Exceptions\FrameworkException.php on line 39.
 1 SYSTEMPATH\View\View.php(216): CodeIgniter\Exceptions\FrameworkException::forInvalidFile('login.php')
 2 SYSTEMPATH\Common.php(1178): CodeIgniter\View\View->render('login', [], true)
 3 APPPATH\Modules\Superadmin\Controllers\SuperAdminController.php(59): view('login')
 4 SYSTEMPATH\CodeIgniter.php(941): App\Modules\SuperAdmin\Controllers\SuperAdminController->login()
 5 SYSTEMPATH\CodeIgniter.php(502): CodeIgniter\CodeIgniter->runController(Object(App\Modules\SuperAdmin\Controllers\SuperAdminController))
 6 SYSTEMPATH\CodeIgniter.php(361): CodeIgniter\CodeIgniter->handleRequest(null, Object(Config\Cache), false)
 7 FCPATH\index.php(79): CodeIgniter\CodeIgniter->run()
CRITICAL - 2024-03-16 12:29:16 --> TypeError: App\Modules\SuperAdmin\Controllers\SuperAdminController::dashboard(): Return value must be of type string, CodeIgniter\HTTP\RedirectResponse returned
in APPPATH\Modules\Superadmin\Controllers\SuperAdminController.php on line 27.
 1 SYSTEMPATH\CodeIgniter.php(941): App\Modules\SuperAdmin\Controllers\SuperAdminController->dashboard()
 2 SYSTEMPATH\CodeIgniter.php(502): CodeIgniter\CodeIgniter->runController(Object(App\Modules\SuperAdmin\Controllers\SuperAdminController))
 3 SYSTEMPATH\CodeIgniter.php(361): CodeIgniter\CodeIgniter->handleRequest(null, Object(Config\Cache), false)
 4 FCPATH\index.php(79): CodeIgniter\CodeIgniter->run()
CRITICAL - 2024-03-16 12:29:33 --> TypeError: App\Modules\SuperAdmin\Controllers\SuperAdminController::dashboard(): Return value must be of type string, CodeIgniter\HTTP\RedirectResponse returned
in APPPATH\Modules\Superadmin\Controllers\SuperAdminController.php on line 27.
 1 SYSTEMPATH\CodeIgniter.php(941): App\Modules\SuperAdmin\Controllers\SuperAdminController->dashboard()
 2 SYSTEMPATH\CodeIgniter.php(502): CodeIgniter\CodeIgniter->runController(Object(App\Modules\SuperAdmin\Controllers\SuperAdminController))
 3 SYSTEMPATH\CodeIgniter.php(361): CodeIgniter\CodeIgniter->handleRequest(null, Object(Config\Cache), false)
 4 FCPATH\index.php(79): CodeIgniter\CodeIgniter->run()
CRITICAL - 2024-03-16 12:36:29 --> Error: Call to undefined function App\Modules\SuperAdmin\Controllers\isLoggedIn()
in APPPATH\Modules\Superadmin\Controllers\SuperAdminController.php on line 28.
 1 SYSTEMPATH\CodeIgniter.php(941): App\Modules\SuperAdmin\Controllers\SuperAdminController->dashboard()
 2 SYSTEMPATH\CodeIgniter.php(502): CodeIgniter\CodeIgniter->runController(Object(App\Modules\SuperAdmin\Controllers\SuperAdminController))
 3 SYSTEMPATH\CodeIgniter.php(361): CodeIgniter\CodeIgniter->handleRequest(null, Object(Config\Cache), false)
 4 FCPATH\index.php(79): CodeIgniter\CodeIgniter->run()
CRITICAL - 2024-03-16 12:37:08 --> TypeError: App\Modules\SuperAdmin\Controllers\SuperAdminController::dashboard(): Return value must be of type string, CodeIgniter\HTTP\RedirectResponse returned
in APPPATH\Modules\Superadmin\Controllers\SuperAdminController.php on line 31.
 1 SYSTEMPATH\CodeIgniter.php(941): App\Modules\SuperAdmin\Controllers\SuperAdminController->dashboard()
 2 SYSTEMPATH\CodeIgniter.php(502): CodeIgniter\CodeIgniter->runController(Object(App\Modules\SuperAdmin\Controllers\SuperAdminController))
 3 SYSTEMPATH\CodeIgniter.php(361): CodeIgniter\CodeIgniter->handleRequest(null, Object(Config\Cache), false)
 4 FCPATH\index.php(79): CodeIgniter\CodeIgniter->run()
ERROR - 2024-03-16 13:11:53 --> Error connecting to the database: ErrorException: mysqli::real_connect(): Error while reading greeting packet. PID=13476 in C:\xampp\htdocs\world\system\Database\MySQLi\Connection.php:184
Stack trace:
#0 [internal function]: CodeIgniter\Debug\Exceptions->errorHandler(2, 'mysqli::real_co...', 'C:\\xampp\\htdocs...', 184)
#1 C:\xampp\htdocs\world\system\Database\MySQLi\Connection.php(184): mysqli->real_connect('localhost', 'postgres', Object(SensitiveParameterValue), 'postgres', 5432, '', 0)
#2 C:\xampp\htdocs\world\system\Database\BaseConnection.php(392): CodeIgniter\Database\MySQLi\Connection->connect(false)
#3 C:\xampp\htdocs\world\system\Database\BaseConnection.php(575): CodeIgniter\Database\BaseConnection->initialize()
#4 C:\xampp\htdocs\world\app\Modules\Superadmin\Controllers\SuperAdminController.php(41): CodeIgniter\Database\BaseConnection->query('INSERT INTO use...', Array)
#5 C:\xampp\htdocs\world\system\CodeIgniter.php(941): App\Modules\SuperAdmin\Controllers\SuperAdminController->store()
#6 C:\xampp\htdocs\world\system\CodeIgniter.php(502): CodeIgniter\CodeIgniter->runController(Object(App\Modules\SuperAdmin\Controllers\SuperAdminController))
#7 C:\xampp\htdocs\world\system\CodeIgniter.php(361): CodeIgniter\CodeIgniter->handleRequest(NULL, Object(Config\Cache), false)
#8 C:\xampp\htdocs\world\index.php(79): CodeIgniter\CodeIgniter->run()
#9 {main}

Next mysqli_sql_exception: MySQL server has gone away in C:\xampp\htdocs\world\system\Database\MySQLi\Connection.php:184
Stack trace:
#0 C:\xampp\htdocs\world\system\Database\MySQLi\Connection.php(184): mysqli->real_connect('localhost', 'postgres', Object(SensitiveParameterValue), 'postgres', 5432, '', 0)
#1 C:\xampp\htdocs\world\system\Database\BaseConnection.php(392): CodeIgniter\Database\MySQLi\Connection->connect(false)
#2 C:\xampp\htdocs\world\system\Database\BaseConnection.php(575): CodeIgniter\Database\BaseConnection->initialize()
#3 C:\xampp\htdocs\world\app\Modules\Superadmin\Controllers\SuperAdminController.php(41): CodeIgniter\Database\BaseConnection->query('INSERT INTO use...', Array)
#4 C:\xampp\htdocs\world\system\CodeIgniter.php(941): App\Modules\SuperAdmin\Controllers\SuperAdminController->store()
#5 C:\xampp\htdocs\world\system\CodeIgniter.php(502): CodeIgniter\CodeIgniter->runController(Object(App\Modules\SuperAdmin\Controllers\SuperAdminController))
#6 C:\xampp\htdocs\world\system\CodeIgniter.php(361): CodeIgniter\CodeIgniter->handleRequest(NULL, Object(Config\Cache), false)
#7 C:\xampp\htdocs\world\index.php(79): CodeIgniter\CodeIgniter->run()
#8 {main}

Next CodeIgniter\Database\Exceptions\DatabaseException: MySQL server has gone away in C:\xampp\htdocs\world\system\Database\MySQLi\Connection.php:229
Stack trace:
#0 C:\xampp\htdocs\world\system\Database\BaseConnection.php(392): CodeIgniter\Database\MySQLi\Connection->connect(false)
#1 C:\xampp\htdocs\world\system\Database\BaseConnection.php(575): CodeIgniter\Database\BaseConnection->initialize()
#2 C:\xampp\htdocs\world\app\Modules\Superadmin\Controllers\SuperAdminController.php(41): CodeIgniter\Database\BaseConnection->query('INSERT INTO use...', Array)
#3 C:\xampp\htdocs\world\system\CodeIgniter.php(941): App\Modules\SuperAdmin\Controllers\SuperAdminController->store()
#4 C:\xampp\htdocs\world\system\CodeIgniter.php(502): CodeIgniter\CodeIgniter->runController(Object(App\Modules\SuperAdmin\Controllers\SuperAdminController))
#5 C:\xampp\htdocs\world\system\CodeIgniter.php(361): CodeIgniter\CodeIgniter->handleRequest(NULL, Object(Config\Cache), false)
#6 C:\xampp\htdocs\world\index.php(79): CodeIgniter\CodeIgniter->run()
#7 {main}
CRITICAL - 2024-03-16 13:11:53 --> CodeIgniter\Database\Exceptions\DatabaseException: Unable to connect to the database.
Main connection [MySQLi]: MySQL server has gone away
in SYSTEMPATH\Database\BaseConnection.php on line 428.
 1 SYSTEMPATH\Database\BaseConnection.php(575): CodeIgniter\Database\BaseConnection->initialize()
 2 APPPATH\Modules\Superadmin\Controllers\SuperAdminController.php(41): CodeIgniter\Database\BaseConnection->query('INSERT INTO user_login (name, user_name, password, status, client_id, c_admin_id, c_user_id)
                VALUES (?, ?, ?, ?, ?, ?, ?)', [...])
 3 SYSTEMPATH\CodeIgniter.php(941): App\Modules\SuperAdmin\Controllers\SuperAdminController->store()
 4 SYSTEMPATH\CodeIgniter.php(502): CodeIgniter\CodeIgniter->runController(Object(App\Modules\SuperAdmin\Controllers\SuperAdminController))
 5 SYSTEMPATH\CodeIgniter.php(361): CodeIgniter\CodeIgniter->handleRequest(null, Object(Config\Cache), false)
 6 FCPATH\index.php(79): CodeIgniter\CodeIgniter->run()
ERROR - 2024-03-16 13:22:26 --> Error connecting to the database: ErrorException: mysqli::real_connect(): Error while reading greeting packet. PID=13476 in C:\xampp\htdocs\world\system\Database\MySQLi\Connection.php:184
Stack trace:
#0 [internal function]: CodeIgniter\Debug\Exceptions->errorHandler(2, 'mysqli::real_co...', 'C:\\xampp\\htdocs...', 184)
#1 C:\xampp\htdocs\world\system\Database\MySQLi\Connection.php(184): mysqli->real_connect('localhost', 'postgres', Object(SensitiveParameterValue), 'postgres', 5432, '', 0)
#2 C:\xampp\htdocs\world\system\Database\BaseConnection.php(392): CodeIgniter\Database\MySQLi\Connection->connect(false)
#3 C:\xampp\htdocs\world\system\Database\BaseConnection.php(575): CodeIgniter\Database\BaseConnection->initialize()
#4 C:\xampp\htdocs\world\system\Database\BaseBuilder.php(2307): CodeIgniter\Database\BaseConnection->query('INSERT INTO `cr...', Array, false)
#5 C:\xampp\htdocs\world\app\Modules\Superadmin\Controllers\SuperAdminController.php(46): CodeIgniter\Database\BaseBuilder->insert(Array)
#6 C:\xampp\htdocs\world\system\CodeIgniter.php(941): App\Modules\SuperAdmin\Controllers\SuperAdminController->createUser()
#7 C:\xampp\htdocs\world\system\CodeIgniter.php(502): CodeIgniter\CodeIgniter->runController(Object(App\Modules\SuperAdmin\Controllers\SuperAdminController))
#8 C:\xampp\htdocs\world\system\CodeIgniter.php(361): CodeIgniter\CodeIgniter->handleRequest(NULL, Object(Config\Cache), false)
#9 C:\xampp\htdocs\world\index.php(79): CodeIgniter\CodeIgniter->run()
#10 {main}

Next mysqli_sql_exception: MySQL server has gone away in C:\xampp\htdocs\world\system\Database\MySQLi\Connection.php:184
Stack trace:
#0 C:\xampp\htdocs\world\system\Database\MySQLi\Connection.php(184): mysqli->real_connect('localhost', 'postgres', Object(SensitiveParameterValue), 'postgres', 5432, '', 0)
#1 C:\xampp\htdocs\world\system\Database\BaseConnection.php(392): CodeIgniter\Database\MySQLi\Connection->connect(false)
#2 C:\xampp\htdocs\world\system\Database\BaseConnection.php(575): CodeIgniter\Database\BaseConnection->initialize()
#3 C:\xampp\htdocs\world\system\Database\BaseBuilder.php(2307): CodeIgniter\Database\BaseConnection->query('INSERT INTO `cr...', Array, false)
#4 C:\xampp\htdocs\world\app\Modules\Superadmin\Controllers\SuperAdminController.php(46): CodeIgniter\Database\BaseBuilder->insert(Array)
#5 C:\xampp\htdocs\world\system\CodeIgniter.php(941): App\Modules\SuperAdmin\Controllers\SuperAdminController->createUser()
#6 C:\xampp\htdocs\world\system\CodeIgniter.php(502): CodeIgniter\CodeIgniter->runController(Object(App\Modules\SuperAdmin\Controllers\SuperAdminController))
#7 C:\xampp\htdocs\world\system\CodeIgniter.php(361): CodeIgniter\CodeIgniter->handleRequest(NULL, Object(Config\Cache), false)
#8 C:\xampp\htdocs\world\index.php(79): CodeIgniter\CodeIgniter->run()
#9 {main}

Next CodeIgniter\Database\Exceptions\DatabaseException: MySQL server has gone away in C:\xampp\htdocs\world\system\Database\MySQLi\Connection.php:229
Stack trace:
#0 C:\xampp\htdocs\world\system\Database\BaseConnection.php(392): CodeIgniter\Database\MySQLi\Connection->connect(false)
#1 C:\xampp\htdocs\world\system\Database\BaseConnection.php(575): CodeIgniter\Database\BaseConnection->initialize()
#2 C:\xampp\htdocs\world\system\Database\BaseBuilder.php(2307): CodeIgniter\Database\BaseConnection->query('INSERT INTO `cr...', Array, false)
#3 C:\xampp\htdocs\world\app\Modules\Superadmin\Controllers\SuperAdminController.php(46): CodeIgniter\Database\BaseBuilder->insert(Array)
#4 C:\xampp\htdocs\world\system\CodeIgniter.php(941): App\Modules\SuperAdmin\Controllers\SuperAdminController->createUser()
#5 C:\xampp\htdocs\world\system\CodeIgniter.php(502): CodeIgniter\CodeIgniter->runController(Object(App\Modules\SuperAdmin\Controllers\SuperAdminController))
#6 C:\xampp\htdocs\world\system\CodeIgniter.php(361): CodeIgniter\CodeIgniter->handleRequest(NULL, Object(Config\Cache), false)
#7 C:\xampp\htdocs\world\index.php(79): CodeIgniter\CodeIgniter->run()
#8 {main}
CRITICAL - 2024-03-16 13:22:26 --> CodeIgniter\Database\Exceptions\DatabaseException: Unable to connect to the database.
Main connection [MySQLi]: MySQL server has gone away
in SYSTEMPATH\Database\BaseConnection.php on line 428.
 1 SYSTEMPATH\Database\BaseConnection.php(575): CodeIgniter\Database\BaseConnection->initialize()
 2 SYSTEMPATH\Database\BaseBuilder.php(2307): CodeIgniter\Database\BaseConnection->query('INSERT INTO `create_user` (`name`, `username`, `password`, `status`, `client_id`, `c_admin_id`, `c_user_id`) VALUES (:name:, :username:, :password:, :status:, :client_id:, :c_admin_id:, :c_user_id:)', [...], false)
 3 APPPATH\Modules\Superadmin\Controllers\SuperAdminController.php(46): CodeIgniter\Database\BaseBuilder->insert([...])
 4 SYSTEMPATH\CodeIgniter.php(941): App\Modules\SuperAdmin\Controllers\SuperAdminController->createUser()
 5 SYSTEMPATH\CodeIgniter.php(502): CodeIgniter\CodeIgniter->runController(Object(App\Modules\SuperAdmin\Controllers\SuperAdminController))
 6 SYSTEMPATH\CodeIgniter.php(361): CodeIgniter\CodeIgniter->handleRequest(null, Object(Config\Cache), false)
 7 FCPATH\index.php(79): CodeIgniter\CodeIgniter->run()
CRITICAL - 2024-03-16 13:24:33 --> Error: Class "App\Modules\SuperAdmin\Models\superAdminLoginModel" not found
in APPPATH\Modules\Superadmin\Controllers\SuperAdminController.php on line 46.
 1 SYSTEMPATH\CodeIgniter.php(941): App\Modules\SuperAdmin\Controllers\SuperAdminController->createUser()
 2 SYSTEMPATH\CodeIgniter.php(502): CodeIgniter\CodeIgniter->runController(Object(App\Modules\SuperAdmin\Controllers\SuperAdminController))
 3 SYSTEMPATH\CodeIgniter.php(361): CodeIgniter\CodeIgniter->handleRequest(null, Object(Config\Cache), false)
 4 FCPATH\index.php(79): CodeIgniter\CodeIgniter->run()
