CRITICAL - 2024-03-21 11:42:23 --> ErrorException: Undefined array key "status"
in APPPATH\Modules\Superadmin\Models\createClientModel.php on line 23.
 1 APPPATH\Modules\Superadmin\Models\createClientModel.php(23): CodeIgniter\Debug\Exceptions->errorHandler(2, 'Undefined array key "status"', 'C:\\xampp\\htdocs\\world\\app\\Modules\\Superadmin\\Models\\createClientModel.php', 23)
 2 APPPATH\Modules\Superadmin\Controllers\SuperAdminController.php(237): App\Modules\SuperAdmin\Models\CreateClientModel->addRole([...])
 3 SYSTEMPATH\CodeIgniter.php(941): App\Modules\SuperAdmin\Controllers\SuperAdminController->addClient()
 4 SYSTEMPATH\CodeIgniter.php(502): CodeIgniter\CodeIgniter->runController(Object(App\Modules\SuperAdmin\Controllers\SuperAdminController))
 5 SYSTEMPATH\CodeIgniter.php(361): CodeIgniter\CodeIgniter->handleRequest(null, Object(Config\Cache), false)
 6 FCPATH\index.php(79): CodeIgniter\CodeIgniter->run()
CRITICAL - 2024-03-21 11:47:07 --> ErrorException: Undefined variable $status
in APPPATH\Modules\Superadmin\Models\createClientModel.php on line 23.
 1 APPPATH\Modules\Superadmin\Models\createClientModel.php(23): CodeIgniter\Debug\Exceptions->errorHandler(2, 'Undefined variable $status', 'C:\\xampp\\htdocs\\world\\app\\Modules\\Superadmin\\Models\\createClientModel.php', 23)
 2 APPPATH\Modules\Superadmin\Controllers\SuperAdminController.php(237): App\Modules\SuperAdmin\Models\CreateClientModel->addRole([...])
 3 SYSTEMPATH\CodeIgniter.php(941): App\Modules\SuperAdmin\Controllers\SuperAdminController->addClient()
 4 SYSTEMPATH\CodeIgniter.php(502): CodeIgniter\CodeIgniter->runController(Object(App\Modules\SuperAdmin\Controllers\SuperAdminController))
 5 SYSTEMPATH\CodeIgniter.php(361): CodeIgniter\CodeIgniter->handleRequest(null, Object(Config\Cache), false)
 6 FCPATH\index.php(79): CodeIgniter\CodeIgniter->run()
CRITICAL - 2024-03-21 11:47:28 --> ErrorException: Undefined variable $status
in APPPATH\Modules\Superadmin\Models\createClientModel.php on line 23.
 1 APPPATH\Modules\Superadmin\Models\createClientModel.php(23): CodeIgniter\Debug\Exceptions->errorHandler(2, 'Undefined variable $status', 'C:\\xampp\\htdocs\\world\\app\\Modules\\Superadmin\\Models\\createClientModel.php', 23)
 2 APPPATH\Modules\Superadmin\Controllers\SuperAdminController.php(237): App\Modules\SuperAdmin\Models\CreateClientModel->addRole([...])
 3 SYSTEMPATH\CodeIgniter.php(941): App\Modules\SuperAdmin\Controllers\SuperAdminController->addClient()
 4 SYSTEMPATH\CodeIgniter.php(502): CodeIgniter\CodeIgniter->runController(Object(App\Modules\SuperAdmin\Controllers\SuperAdminController))
 5 SYSTEMPATH\CodeIgniter.php(361): CodeIgniter\CodeIgniter->handleRequest(null, Object(Config\Cache), false)
 6 FCPATH\index.php(79): CodeIgniter\CodeIgniter->run()
CRITICAL - 2024-03-21 11:49:10 --> ErrorException: Undefined variable $status
in APPPATH\Modules\Superadmin\Models\createClientModel.php on line 23.
 1 APPPATH\Modules\Superadmin\Models\createClientModel.php(23): CodeIgniter\Debug\Exceptions->errorHandler(2, 'Undefined variable $status', 'C:\\xampp\\htdocs\\world\\app\\Modules\\Superadmin\\Models\\createClientModel.php', 23)
 2 APPPATH\Modules\Superadmin\Controllers\SuperAdminController.php(237): App\Modules\SuperAdmin\Models\CreateClientModel->addRole([...], 'InActive')
 3 SYSTEMPATH\CodeIgniter.php(941): App\Modules\SuperAdmin\Controllers\SuperAdminController->addClient()
 4 SYSTEMPATH\CodeIgniter.php(502): CodeIgniter\CodeIgniter->runController(Object(App\Modules\SuperAdmin\Controllers\SuperAdminController))
 5 SYSTEMPATH\CodeIgniter.php(361): CodeIgniter\CodeIgniter->handleRequest(null, Object(Config\Cache), false)
 6 FCPATH\index.php(79): CodeIgniter\CodeIgniter->run()
CRITICAL - 2024-03-21 11:50:49 --> ErrorException: Undefined variable $status
in APPPATH\Modules\Superadmin\Models\createClientModel.php on line 23.
 1 APPPATH\Modules\Superadmin\Models\createClientModel.php(23): CodeIgniter\Debug\Exceptions->errorHandler(2, 'Undefined variable $status', 'C:\\xampp\\htdocs\\world\\app\\Modules\\Superadmin\\Models\\createClientModel.php', 23)
 2 APPPATH\Modules\Superadmin\Controllers\SuperAdminController.php(237): App\Modules\SuperAdmin\Models\CreateClientModel->addRole([...], 'InActive')
 3 SYSTEMPATH\CodeIgniter.php(941): App\Modules\SuperAdmin\Controllers\SuperAdminController->addClient()
 4 SYSTEMPATH\CodeIgniter.php(502): CodeIgniter\CodeIgniter->runController(Object(App\Modules\SuperAdmin\Controllers\SuperAdminController))
 5 SYSTEMPATH\CodeIgniter.php(361): CodeIgniter\CodeIgniter->handleRequest(null, Object(Config\Cache), false)
 6 FCPATH\index.php(79): CodeIgniter\CodeIgniter->run()
CRITICAL - 2024-03-21 11:56:55 --> ErrorException: Undefined variable $status
in APPPATH\Modules\Superadmin\Models\createClientModel.php on line 23.
 1 APPPATH\Modules\Superadmin\Models\createClientModel.php(23): CodeIgniter\Debug\Exceptions->errorHandler(2, 'Undefined variable $status', 'C:\\xampp\\htdocs\\world\\app\\Modules\\Superadmin\\Models\\createClientModel.php', 23)
 2 APPPATH\Modules\Superadmin\Controllers\SuperAdminController.php(238): App\Modules\SuperAdmin\Models\CreateClientModel->addRole([...])
 3 SYSTEMPATH\CodeIgniter.php(941): App\Modules\SuperAdmin\Controllers\SuperAdminController->addClient()
 4 SYSTEMPATH\CodeIgniter.php(502): CodeIgniter\CodeIgniter->runController(Object(App\Modules\SuperAdmin\Controllers\SuperAdminController))
 5 SYSTEMPATH\CodeIgniter.php(361): CodeIgniter\CodeIgniter->handleRequest(null, Object(Config\Cache), false)
 6 FCPATH\index.php(79): CodeIgniter\CodeIgniter->run()
