ERROR - 2024-03-29 13:35:04 --> ErrorException: pg_query(): Query failed: ERROR:  function group_concat(jsonb) does not exist
LINE 1: SELECT &quot;user_login&quot;.*, GROUP_CONCAT(user_role.role_details) ...
                               ^
HINT:  No function matches the given name and argument types. You might need to add explicit type casts. in C:\xampp\htdocs\mbscan\system\Database\Postgre\Connection.php:187
Stack trace:
#0 [internal function]: CodeIgniter\Debug\Exceptions->errorHandler(2, 'pg_query(): Que...', 'C:\\xampp\\htdocs...', 187)
#1 C:\xampp\htdocs\mbscan\system\Database\Postgre\Connection.php(187): pg_query(Object(PgSql\Connection), 'SELECT "user_lo...')
#2 C:\xampp\htdocs\mbscan\system\Database\BaseConnection.php(693): CodeIgniter\Database\Postgre\Connection->execute('SELECT "user_lo...')
#3 C:\xampp\htdocs\mbscan\system\Database\BaseConnection.php(607): CodeIgniter\Database\BaseConnection->simpleQuery('SELECT "user_lo...')
#4 C:\xampp\htdocs\mbscan\system\Database\BaseBuilder.php(1616): CodeIgniter\Database\BaseConnection->query('SELECT "user_lo...', Array, false)
#5 C:\xampp\htdocs\mbscan\app\Modules\Superadmin\Models\createUserModel.php(39): CodeIgniter\Database\BaseBuilder->get()
#6 C:\xampp\htdocs\mbscan\app\Modules\Superadmin\Controllers\SuperAdminController.php(191): App\Modules\SuperAdmin\Models\CreateUserModel->getUsersWithRoleDetails()
#7 C:\xampp\htdocs\mbscan\system\CodeIgniter.php(941): App\Modules\SuperAdmin\Controllers\SuperAdminController->getUsers()
#8 C:\xampp\htdocs\mbscan\system\CodeIgniter.php(502): CodeIgniter\CodeIgniter->runController(Object(App\Modules\SuperAdmin\Controllers\SuperAdminController))
#9 C:\xampp\htdocs\mbscan\system\CodeIgniter.php(361): CodeIgniter\CodeIgniter->handleRequest(NULL, Object(Config\Cache), false)
#10 C:\xampp\htdocs\mbscan\index.php(79): CodeIgniter\CodeIgniter->run()
#11 {main}
CRITICAL - 2024-03-29 13:35:04 --> CodeIgniter\Database\Exceptions\DatabaseException: pg_query(): Query failed: ERROR:  function group_concat(jsonb) does not exist
LINE 1: SELECT &quot;user_login&quot;.*, GROUP_CONCAT(user_role.role_details) ...
                               ^
HINT:  No function matches the given name and argument types. You might need to add explicit type casts.
in SYSTEMPATH\Database\BaseConnection.php on line 647.
 1 SYSTEMPATH\Database\BaseBuilder.php(1616): CodeIgniter\Database\BaseConnection->query('SELECT "user_login".*, GROUP_CONCAT(user_role.role_details) AS role_details
FROM "master"."user_login"
LEFT JOIN "master"."user_role" ON "user_role"."user_id" = "user_login"."id"
GROUP BY "user_login"."id"', [], false)
 2 APPPATH\Modules\Superadmin\Models\createUserModel.php(39): CodeIgniter\Database\BaseBuilder->get()
 3 APPPATH\Modules\Superadmin\Controllers\SuperAdminController.php(191): App\Modules\SuperAdmin\Models\CreateUserModel->getUsersWithRoleDetails()
 4 SYSTEMPATH\CodeIgniter.php(941): App\Modules\SuperAdmin\Controllers\SuperAdminController->getUsers()
 5 SYSTEMPATH\CodeIgniter.php(502): CodeIgniter\CodeIgniter->runController(Object(App\Modules\SuperAdmin\Controllers\SuperAdminController))
 6 SYSTEMPATH\CodeIgniter.php(361): CodeIgniter\CodeIgniter->handleRequest(null, Object(Config\Cache), false)
 7 FCPATH\index.php(79): CodeIgniter\CodeIgniter->run()
CRITICAL - 2024-03-29 13:35:04 --> [Caused by] CodeIgniter\Database\Exceptions\DatabaseException: pg_query(): Query failed: ERROR:  function group_concat(jsonb) does not exist
LINE 1: SELECT &quot;user_login&quot;.*, GROUP_CONCAT(user_role.role_details) ...
                               ^
HINT:  No function matches the given name and argument types. You might need to add explicit type casts.
in SYSTEMPATH\Database\Postgre\Connection.php on line 192.
 1 SYSTEMPATH\Database\BaseConnection.php(693): CodeIgniter\Database\Postgre\Connection->execute('SELECT "user_login".*, GROUP_CONCAT(user_role.role_details) AS role_details
FROM "master"."user_login"
LEFT JOIN "master"."user_role" ON "user_role"."user_id" = "user_login"."id"
GROUP BY "user_login"."id"')
 2 SYSTEMPATH\Database\BaseConnection.php(607): CodeIgniter\Database\BaseConnection->simpleQuery('SELECT "user_login".*, GROUP_CONCAT(user_role.role_details) AS role_details
FROM "master"."user_login"
LEFT JOIN "master"."user_role" ON "user_role"."user_id" = "user_login"."id"
GROUP BY "user_login"."id"')
 3 SYSTEMPATH\Database\BaseBuilder.php(1616): CodeIgniter\Database\BaseConnection->query('SELECT "user_login".*, GROUP_CONCAT(user_role.role_details) AS role_details
FROM "master"."user_login"
LEFT JOIN "master"."user_role" ON "user_role"."user_id" = "user_login"."id"
GROUP BY "user_login"."id"', [], false)
 4 APPPATH\Modules\Superadmin\Models\createUserModel.php(39): CodeIgniter\Database\BaseBuilder->get()
 5 APPPATH\Modules\Superadmin\Controllers\SuperAdminController.php(191): App\Modules\SuperAdmin\Models\CreateUserModel->getUsersWithRoleDetails()
 6 SYSTEMPATH\CodeIgniter.php(941): App\Modules\SuperAdmin\Controllers\SuperAdminController->getUsers()
 7 SYSTEMPATH\CodeIgniter.php(502): CodeIgniter\CodeIgniter->runController(Object(App\Modules\SuperAdmin\Controllers\SuperAdminController))
 8 SYSTEMPATH\CodeIgniter.php(361): CodeIgniter\CodeIgniter->handleRequest(null, Object(Config\Cache), false)
 9 FCPATH\index.php(79): CodeIgniter\CodeIgniter->run()
CRITICAL - 2024-03-29 13:35:04 --> [Caused by] ErrorException: pg_query(): Query failed: ERROR:  function group_concat(jsonb) does not exist
LINE 1: SELECT &quot;user_login&quot;.*, GROUP_CONCAT(user_role.role_details) ...
                               ^
HINT:  No function matches the given name and argument types. You might need to add explicit type casts.
in SYSTEMPATH\Database\Postgre\Connection.php on line 187.
 1 [internal function]: CodeIgniter\Debug\Exceptions->errorHandler(2, 'pg_query(): Query failed: ERROR:  function group_concat(jsonb) does not exist
LINE 1: SELECT &quot;user_login&quot;.*, GROUP_CONCAT(user_role.role_details) ...
                               ^
HINT:  No function matches the given name and argument types. You might need to add explicit type casts.', 'C:\\xampp\\htdocs\\mbscan\\system\\Database\\Postgre\\Connection.php', 187)
 2 SYSTEMPATH\Database\Postgre\Connection.php(187): pg_query(Object(PgSql\Connection), 'SELECT "user_login".*, GROUP_CONCAT(user_role.role_details) AS role_details
FROM "master"."user_login"
LEFT JOIN "master"."user_role" ON "user_role"."user_id" = "user_login"."id"
GROUP BY "user_login"."id"')
 3 SYSTEMPATH\Database\BaseConnection.php(693): CodeIgniter\Database\Postgre\Connection->execute('SELECT "user_login".*, GROUP_CONCAT(user_role.role_details) AS role_details
FROM "master"."user_login"
LEFT JOIN "master"."user_role" ON "user_role"."user_id" = "user_login"."id"
GROUP BY "user_login"."id"')
 4 SYSTEMPATH\Database\BaseConnection.php(607): CodeIgniter\Database\BaseConnection->simpleQuery('SELECT "user_login".*, GROUP_CONCAT(user_role.role_details) AS role_details
FROM "master"."user_login"
LEFT JOIN "master"."user_role" ON "user_role"."user_id" = "user_login"."id"
GROUP BY "user_login"."id"')
 5 SYSTEMPATH\Database\BaseBuilder.php(1616): CodeIgniter\Database\BaseConnection->query('SELECT "user_login".*, GROUP_CONCAT(user_role.role_details) AS role_details
FROM "master"."user_login"
LEFT JOIN "master"."user_role" ON "user_role"."user_id" = "user_login"."id"
GROUP BY "user_login"."id"', [], false)
 6 APPPATH\Modules\Superadmin\Models\createUserModel.php(39): CodeIgniter\Database\BaseBuilder->get()
 7 APPPATH\Modules\Superadmin\Controllers\SuperAdminController.php(191): App\Modules\SuperAdmin\Models\CreateUserModel->getUsersWithRoleDetails()
 8 SYSTEMPATH\CodeIgniter.php(941): App\Modules\SuperAdmin\Controllers\SuperAdminController->getUsers()
 9 SYSTEMPATH\CodeIgniter.php(502): CodeIgniter\CodeIgniter->runController(Object(App\Modules\SuperAdmin\Controllers\SuperAdminController))
10 SYSTEMPATH\CodeIgniter.php(361): CodeIgniter\CodeIgniter->handleRequest(null, Object(Config\Cache), false)
11 FCPATH\index.php(79): CodeIgniter\CodeIgniter->run()
ERROR - 2024-03-29 13:35:36 --> ErrorException: pg_query(): Query failed: ERROR:  function string_agg(jsonb, unknown) does not exist
LINE 1: SELECT &quot;user_login&quot;.*, STRING_AGG(user_role.role_details, ',...
                               ^
HINT:  No function matches the given name and argument types. You might need to add explicit type casts. in C:\xampp\htdocs\mbscan\system\Database\Postgre\Connection.php:187
Stack trace:
#0 [internal function]: CodeIgniter\Debug\Exceptions->errorHandler(2, 'pg_query(): Que...', 'C:\\xampp\\htdocs...', 187)
#1 C:\xampp\htdocs\mbscan\system\Database\Postgre\Connection.php(187): pg_query(Object(PgSql\Connection), 'SELECT "user_lo...')
#2 C:\xampp\htdocs\mbscan\system\Database\BaseConnection.php(693): CodeIgniter\Database\Postgre\Connection->execute('SELECT "user_lo...')
#3 C:\xampp\htdocs\mbscan\system\Database\BaseConnection.php(607): CodeIgniter\Database\BaseConnection->simpleQuery('SELECT "user_lo...')
#4 C:\xampp\htdocs\mbscan\system\Database\BaseBuilder.php(1616): CodeIgniter\Database\BaseConnection->query('SELECT "user_lo...', Array, false)
#5 C:\xampp\htdocs\mbscan\app\Modules\Superadmin\Models\createUserModel.php(38): CodeIgniter\Database\BaseBuilder->get()
#6 C:\xampp\htdocs\mbscan\app\Modules\Superadmin\Controllers\SuperAdminController.php(191): App\Modules\SuperAdmin\Models\CreateUserModel->getUsersWithRoleDetails()
#7 C:\xampp\htdocs\mbscan\system\CodeIgniter.php(941): App\Modules\SuperAdmin\Controllers\SuperAdminController->getUsers()
#8 C:\xampp\htdocs\mbscan\system\CodeIgniter.php(502): CodeIgniter\CodeIgniter->runController(Object(App\Modules\SuperAdmin\Controllers\SuperAdminController))
#9 C:\xampp\htdocs\mbscan\system\CodeIgniter.php(361): CodeIgniter\CodeIgniter->handleRequest(NULL, Object(Config\Cache), false)
#10 C:\xampp\htdocs\mbscan\index.php(79): CodeIgniter\CodeIgniter->run()
#11 {main}
CRITICAL - 2024-03-29 13:35:36 --> CodeIgniter\Database\Exceptions\DatabaseException: pg_query(): Query failed: ERROR:  function string_agg(jsonb, unknown) does not exist
LINE 1: SELECT &quot;user_login&quot;.*, STRING_AGG(user_role.role_details, ',...
                               ^
HINT:  No function matches the given name and argument types. You might need to add explicit type casts.
in SYSTEMPATH\Database\BaseConnection.php on line 647.
 1 SYSTEMPATH\Database\BaseBuilder.php(1616): CodeIgniter\Database\BaseConnection->query('SELECT "user_login".*, STRING_AGG(user_role.role_details, \', \') AS role_details
FROM "master"."user_login"
LEFT JOIN "master"."user_role" ON "user_role"."user_id" = "user_login"."id"
GROUP BY "user_login"."id"', [], false)
 2 APPPATH\Modules\Superadmin\Models\createUserModel.php(38): CodeIgniter\Database\BaseBuilder->get()
 3 APPPATH\Modules\Superadmin\Controllers\SuperAdminController.php(191): App\Modules\SuperAdmin\Models\CreateUserModel->getUsersWithRoleDetails()
 4 SYSTEMPATH\CodeIgniter.php(941): App\Modules\SuperAdmin\Controllers\SuperAdminController->getUsers()
 5 SYSTEMPATH\CodeIgniter.php(502): CodeIgniter\CodeIgniter->runController(Object(App\Modules\SuperAdmin\Controllers\SuperAdminController))
 6 SYSTEMPATH\CodeIgniter.php(361): CodeIgniter\CodeIgniter->handleRequest(null, Object(Config\Cache), false)
 7 FCPATH\index.php(79): CodeIgniter\CodeIgniter->run()
CRITICAL - 2024-03-29 13:35:36 --> [Caused by] CodeIgniter\Database\Exceptions\DatabaseException: pg_query(): Query failed: ERROR:  function string_agg(jsonb, unknown) does not exist
LINE 1: SELECT &quot;user_login&quot;.*, STRING_AGG(user_role.role_details, ',...
                               ^
HINT:  No function matches the given name and argument types. You might need to add explicit type casts.
in SYSTEMPATH\Database\Postgre\Connection.php on line 192.
 1 SYSTEMPATH\Database\BaseConnection.php(693): CodeIgniter\Database\Postgre\Connection->execute('SELECT "user_login".*, STRING_AGG(user_role.role_details, \', \') AS role_details
FROM "master"."user_login"
LEFT JOIN "master"."user_role" ON "user_role"."user_id" = "user_login"."id"
GROUP BY "user_login"."id"')
 2 SYSTEMPATH\Database\BaseConnection.php(607): CodeIgniter\Database\BaseConnection->simpleQuery('SELECT "user_login".*, STRING_AGG(user_role.role_details, \', \') AS role_details
FROM "master"."user_login"
LEFT JOIN "master"."user_role" ON "user_role"."user_id" = "user_login"."id"
GROUP BY "user_login"."id"')
 3 SYSTEMPATH\Database\BaseBuilder.php(1616): CodeIgniter\Database\BaseConnection->query('SELECT "user_login".*, STRING_AGG(user_role.role_details, \', \') AS role_details
FROM "master"."user_login"
LEFT JOIN "master"."user_role" ON "user_role"."user_id" = "user_login"."id"
GROUP BY "user_login"."id"', [], false)
 4 APPPATH\Modules\Superadmin\Models\createUserModel.php(38): CodeIgniter\Database\BaseBuilder->get()
 5 APPPATH\Modules\Superadmin\Controllers\SuperAdminController.php(191): App\Modules\SuperAdmin\Models\CreateUserModel->getUsersWithRoleDetails()
 6 SYSTEMPATH\CodeIgniter.php(941): App\Modules\SuperAdmin\Controllers\SuperAdminController->getUsers()
 7 SYSTEMPATH\CodeIgniter.php(502): CodeIgniter\CodeIgniter->runController(Object(App\Modules\SuperAdmin\Controllers\SuperAdminController))
 8 SYSTEMPATH\CodeIgniter.php(361): CodeIgniter\CodeIgniter->handleRequest(null, Object(Config\Cache), false)
 9 FCPATH\index.php(79): CodeIgniter\CodeIgniter->run()
CRITICAL - 2024-03-29 13:35:36 --> [Caused by] ErrorException: pg_query(): Query failed: ERROR:  function string_agg(jsonb, unknown) does not exist
LINE 1: SELECT &quot;user_login&quot;.*, STRING_AGG(user_role.role_details, ',...
                               ^
HINT:  No function matches the given name and argument types. You might need to add explicit type casts.
in SYSTEMPATH\Database\Postgre\Connection.php on line 187.
 1 [internal function]: CodeIgniter\Debug\Exceptions->errorHandler(2, 'pg_query(): Query failed: ERROR:  function string_agg(jsonb, unknown) does not exist
LINE 1: SELECT &quot;user_login&quot;.*, STRING_AGG(user_role.role_details, \',...
                               ^
HINT:  No function matches the given name and argument types. You might need to add explicit type casts.', 'C:\\xampp\\htdocs\\mbscan\\system\\Database\\Postgre\\Connection.php', 187)
 2 SYSTEMPATH\Database\Postgre\Connection.php(187): pg_query(Object(PgSql\Connection), 'SELECT "user_login".*, STRING_AGG(user_role.role_details, \', \') AS role_details
FROM "master"."user_login"
LEFT JOIN "master"."user_role" ON "user_role"."user_id" = "user_login"."id"
GROUP BY "user_login"."id"')
 3 SYSTEMPATH\Database\BaseConnection.php(693): CodeIgniter\Database\Postgre\Connection->execute('SELECT "user_login".*, STRING_AGG(user_role.role_details, \', \') AS role_details
FROM "master"."user_login"
LEFT JOIN "master"."user_role" ON "user_role"."user_id" = "user_login"."id"
GROUP BY "user_login"."id"')
 4 SYSTEMPATH\Database\BaseConnection.php(607): CodeIgniter\Database\BaseConnection->simpleQuery('SELECT "user_login".*, STRING_AGG(user_role.role_details, \', \') AS role_details
FROM "master"."user_login"
LEFT JOIN "master"."user_role" ON "user_role"."user_id" = "user_login"."id"
GROUP BY "user_login"."id"')
 5 SYSTEMPATH\Database\BaseBuilder.php(1616): CodeIgniter\Database\BaseConnection->query('SELECT "user_login".*, STRING_AGG(user_role.role_details, \', \') AS role_details
FROM "master"."user_login"
LEFT JOIN "master"."user_role" ON "user_role"."user_id" = "user_login"."id"
GROUP BY "user_login"."id"', [], false)
 6 APPPATH\Modules\Superadmin\Models\createUserModel.php(38): CodeIgniter\Database\BaseBuilder->get()
 7 APPPATH\Modules\Superadmin\Controllers\SuperAdminController.php(191): App\Modules\SuperAdmin\Models\CreateUserModel->getUsersWithRoleDetails()
 8 SYSTEMPATH\CodeIgniter.php(941): App\Modules\SuperAdmin\Controllers\SuperAdminController->getUsers()
 9 SYSTEMPATH\CodeIgniter.php(502): CodeIgniter\CodeIgniter->runController(Object(App\Modules\SuperAdmin\Controllers\SuperAdminController))
10 SYSTEMPATH\CodeIgniter.php(361): CodeIgniter\CodeIgniter->handleRequest(null, Object(Config\Cache), false)
11 FCPATH\index.php(79): CodeIgniter\CodeIgniter->run()
