ERROR - 2024-03-30 12:59:24 --> ErrorException: pg_query(): Query failed: ERROR:  column &quot;user_name&quot; of relation &quot;user_role&quot; does not exist
LINE 1: ...ATE &quot;master&quot;.&quot;user_role&quot; SET &quot;status&quot; = 'Active', &quot;user_name...
                                                             ^ in C:\xampp\htdocs\mbscan\system\Database\Postgre\Connection.php:187
Stack trace:
#0 [internal function]: CodeIgniter\Debug\Exceptions->errorHandler(2, 'pg_query(): Que...', 'C:\\xampp\\htdocs...', 187)
#1 C:\xampp\htdocs\mbscan\system\Database\Postgre\Connection.php(187): pg_query(Object(PgSql\Connection), 'UPDATE "master"...')
#2 C:\xampp\htdocs\mbscan\system\Database\BaseConnection.php(693): CodeIgniter\Database\Postgre\Connection->execute('UPDATE "master"...')
#3 C:\xampp\htdocs\mbscan\system\Database\BaseConnection.php(607): CodeIgniter\Database\BaseConnection->simpleQuery('UPDATE "master"...')
#4 C:\xampp\htdocs\mbscan\system\Database\BaseBuilder.php(2474): CodeIgniter\Database\BaseConnection->query('UPDATE "master"...', Array, false)
#5 C:\xampp\htdocs\mbscan\app\Modules\Superadmin\Models\createUserModel.php(47): CodeIgniter\Database\BaseBuilder->update(Array)
#6 C:\xampp\htdocs\mbscan\app\Modules\Superadmin\Controllers\SuperAdminController.php(381): App\Modules\SuperAdmin\Models\CreateUserModel->updateUserRole('134', Array)
#7 C:\xampp\htdocs\mbscan\system\CodeIgniter.php(941): App\Modules\SuperAdmin\Controllers\SuperAdminController->updateUserRole()
#8 C:\xampp\htdocs\mbscan\system\CodeIgniter.php(502): CodeIgniter\CodeIgniter->runController(Object(App\Modules\SuperAdmin\Controllers\SuperAdminController))
#9 C:\xampp\htdocs\mbscan\system\CodeIgniter.php(361): CodeIgniter\CodeIgniter->handleRequest(NULL, Object(Config\Cache), false)
#10 C:\xampp\htdocs\mbscan\index.php(79): CodeIgniter\CodeIgniter->run()
#11 {main}
CRITICAL - 2024-03-30 12:59:24 --> CodeIgniter\Database\Exceptions\DatabaseException: pg_query(): Query failed: ERROR:  column &quot;user_name&quot; of relation &quot;user_role&quot; does not exist
LINE 1: ...ATE &quot;master&quot;.&quot;user_role&quot; SET &quot;status&quot; = 'Active', &quot;user_name...
                                                             ^
in SYSTEMPATH\Database\BaseConnection.php on line 647.
 1 SYSTEMPATH\Database\BaseBuilder.php(2474): CodeIgniter\Database\BaseConnection->query('UPDATE "master"."user_role" SET "status" = :status:, "user_name" = :user_name:, "role_details" = :role_details:
WHERE "client_id" = :client_id:', [...], false)
 2 APPPATH\Modules\Superadmin\Models\createUserModel.php(47): CodeIgniter\Database\BaseBuilder->update([...])
 3 APPPATH\Modules\Superadmin\Controllers\SuperAdminController.php(381): App\Modules\SuperAdmin\Models\CreateUserModel->updateUserRole('134', [...])
 4 SYSTEMPATH\CodeIgniter.php(941): App\Modules\SuperAdmin\Controllers\SuperAdminController->updateUserRole()
 5 SYSTEMPATH\CodeIgniter.php(502): CodeIgniter\CodeIgniter->runController(Object(App\Modules\SuperAdmin\Controllers\SuperAdminController))
 6 SYSTEMPATH\CodeIgniter.php(361): CodeIgniter\CodeIgniter->handleRequest(null, Object(Config\Cache), false)
 7 FCPATH\index.php(79): CodeIgniter\CodeIgniter->run()
CRITICAL - 2024-03-30 12:59:24 --> [Caused by] CodeIgniter\Database\Exceptions\DatabaseException: pg_query(): Query failed: ERROR:  column &quot;user_name&quot; of relation &quot;user_role&quot; does not exist
LINE 1: ...ATE &quot;master&quot;.&quot;user_role&quot; SET &quot;status&quot; = 'Active', &quot;user_name...
                                                             ^
in SYSTEMPATH\Database\Postgre\Connection.php on line 192.
 1 SYSTEMPATH\Database\BaseConnection.php(693): CodeIgniter\Database\Postgre\Connection->execute('UPDATE "master"."user_role" SET "status" = \'Active\', "user_name" = \'abcbacb\', "role_details" = \'{"can_create":true,"can_edit":true,"can_delete":true,"can_view":true}\'
WHERE "client_id" = \'134\'')
 2 SYSTEMPATH\Database\BaseConnection.php(607): CodeIgniter\Database\BaseConnection->simpleQuery('UPDATE "master"."user_role" SET "status" = \'Active\', "user_name" = \'abcbacb\', "role_details" = \'{"can_create":true,"can_edit":true,"can_delete":true,"can_view":true}\'
WHERE "client_id" = \'134\'')
 3 SYSTEMPATH\Database\BaseBuilder.php(2474): CodeIgniter\Database\BaseConnection->query('UPDATE "master"."user_role" SET "status" = :status:, "user_name" = :user_name:, "role_details" = :role_details:
WHERE "client_id" = :client_id:', [...], false)
 4 APPPATH\Modules\Superadmin\Models\createUserModel.php(47): CodeIgniter\Database\BaseBuilder->update([...])
 5 APPPATH\Modules\Superadmin\Controllers\SuperAdminController.php(381): App\Modules\SuperAdmin\Models\CreateUserModel->updateUserRole('134', [...])
 6 SYSTEMPATH\CodeIgniter.php(941): App\Modules\SuperAdmin\Controllers\SuperAdminController->updateUserRole()
 7 SYSTEMPATH\CodeIgniter.php(502): CodeIgniter\CodeIgniter->runController(Object(App\Modules\SuperAdmin\Controllers\SuperAdminController))
 8 SYSTEMPATH\CodeIgniter.php(361): CodeIgniter\CodeIgniter->handleRequest(null, Object(Config\Cache), false)
 9 FCPATH\index.php(79): CodeIgniter\CodeIgniter->run()
CRITICAL - 2024-03-30 12:59:24 --> [Caused by] ErrorException: pg_query(): Query failed: ERROR:  column &quot;user_name&quot; of relation &quot;user_role&quot; does not exist
LINE 1: ...ATE &quot;master&quot;.&quot;user_role&quot; SET &quot;status&quot; = 'Active', &quot;user_name...
                                                             ^
in SYSTEMPATH\Database\Postgre\Connection.php on line 187.
 1 [internal function]: CodeIgniter\Debug\Exceptions->errorHandler(2, 'pg_query(): Query failed: ERROR:  column &quot;user_name&quot; of relation &quot;user_role&quot; does not exist
LINE 1: ...ATE &quot;master&quot;.&quot;user_role&quot; SET &quot;status&quot; = \'Active\', &quot;user_name...
                                                             ^', 'C:\\xampp\\htdocs\\mbscan\\system\\Database\\Postgre\\Connection.php', 187)
 2 SYSTEMPATH\Database\Postgre\Connection.php(187): pg_query(Object(PgSql\Connection), 'UPDATE "master"."user_role" SET "status" = \'Active\', "user_name" = \'abcbacb\', "role_details" = \'{"can_create":true,"can_edit":true,"can_delete":true,"can_view":true}\'
WHERE "client_id" = \'134\'')
 3 SYSTEMPATH\Database\BaseConnection.php(693): CodeIgniter\Database\Postgre\Connection->execute('UPDATE "master"."user_role" SET "status" = \'Active\', "user_name" = \'abcbacb\', "role_details" = \'{"can_create":true,"can_edit":true,"can_delete":true,"can_view":true}\'
WHERE "client_id" = \'134\'')
 4 SYSTEMPATH\Database\BaseConnection.php(607): CodeIgniter\Database\BaseConnection->simpleQuery('UPDATE "master"."user_role" SET "status" = \'Active\', "user_name" = \'abcbacb\', "role_details" = \'{"can_create":true,"can_edit":true,"can_delete":true,"can_view":true}\'
WHERE "client_id" = \'134\'')
 5 SYSTEMPATH\Database\BaseBuilder.php(2474): CodeIgniter\Database\BaseConnection->query('UPDATE "master"."user_role" SET "status" = :status:, "user_name" = :user_name:, "role_details" = :role_details:
WHERE "client_id" = :client_id:', [...], false)
 6 APPPATH\Modules\Superadmin\Models\createUserModel.php(47): CodeIgniter\Database\BaseBuilder->update([...])
 7 APPPATH\Modules\Superadmin\Controllers\SuperAdminController.php(381): App\Modules\SuperAdmin\Models\CreateUserModel->updateUserRole('134', [...])
 8 SYSTEMPATH\CodeIgniter.php(941): App\Modules\SuperAdmin\Controllers\SuperAdminController->updateUserRole()
 9 SYSTEMPATH\CodeIgniter.php(502): CodeIgniter\CodeIgniter->runController(Object(App\Modules\SuperAdmin\Controllers\SuperAdminController))
10 SYSTEMPATH\CodeIgniter.php(361): CodeIgniter\CodeIgniter->handleRequest(null, Object(Config\Cache), false)
11 FCPATH\index.php(79): CodeIgniter\CodeIgniter->run()
ERROR - 2024-03-30 13:03:20 --> Undefined array key "user_name"
ERROR - 2024-03-30 13:04:09 --> ErrorException: pg_query(): Query failed: ERROR:  column &quot;user_name&quot; of relation &quot;user_role&quot; does not exist
LINE 1: ...ATE &quot;master&quot;.&quot;user_role&quot; SET &quot;status&quot; = 'Active', &quot;user_name...
                                                             ^ in C:\xampp\htdocs\mbscan\system\Database\Postgre\Connection.php:187
Stack trace:
#0 [internal function]: CodeIgniter\Debug\Exceptions->errorHandler(2, 'pg_query(): Que...', 'C:\\xampp\\htdocs...', 187)
#1 C:\xampp\htdocs\mbscan\system\Database\Postgre\Connection.php(187): pg_query(Object(PgSql\Connection), 'UPDATE "master"...')
#2 C:\xampp\htdocs\mbscan\system\Database\BaseConnection.php(693): CodeIgniter\Database\Postgre\Connection->execute('UPDATE "master"...')
#3 C:\xampp\htdocs\mbscan\system\Database\BaseConnection.php(607): CodeIgniter\Database\BaseConnection->simpleQuery('UPDATE "master"...')
#4 C:\xampp\htdocs\mbscan\system\Database\BaseBuilder.php(2474): CodeIgniter\Database\BaseConnection->query('UPDATE "master"...', Array, false)
#5 C:\xampp\htdocs\mbscan\app\Modules\Superadmin\Models\createUserModel.php(47): CodeIgniter\Database\BaseBuilder->update(Array)
#6 C:\xampp\htdocs\mbscan\app\Modules\Superadmin\Controllers\SuperAdminController.php(381): App\Modules\SuperAdmin\Models\CreateUserModel->updateUserRole('134', Array)
#7 C:\xampp\htdocs\mbscan\system\CodeIgniter.php(941): App\Modules\SuperAdmin\Controllers\SuperAdminController->updateUserRole()
#8 C:\xampp\htdocs\mbscan\system\CodeIgniter.php(502): CodeIgniter\CodeIgniter->runController(Object(App\Modules\SuperAdmin\Controllers\SuperAdminController))
#9 C:\xampp\htdocs\mbscan\system\CodeIgniter.php(361): CodeIgniter\CodeIgniter->handleRequest(NULL, Object(Config\Cache), false)
#10 C:\xampp\htdocs\mbscan\index.php(79): CodeIgniter\CodeIgniter->run()
#11 {main}
CRITICAL - 2024-03-30 13:04:09 --> CodeIgniter\Database\Exceptions\DatabaseException: pg_query(): Query failed: ERROR:  column &quot;user_name&quot; of relation &quot;user_role&quot; does not exist
LINE 1: ...ATE &quot;master&quot;.&quot;user_role&quot; SET &quot;status&quot; = 'Active', &quot;user_name...
                                                             ^
in SYSTEMPATH\Database\BaseConnection.php on line 647.
 1 SYSTEMPATH\Database\BaseBuilder.php(2474): CodeIgniter\Database\BaseConnection->query('UPDATE "master"."user_role" SET "status" = :status:, "user_name" = :user_name:, "role_details" = :role_details:
WHERE "client_id" = :client_id:', [...], false)
 2 APPPATH\Modules\Superadmin\Models\createUserModel.php(47): CodeIgniter\Database\BaseBuilder->update([...])
 3 APPPATH\Modules\Superadmin\Controllers\SuperAdminController.php(381): App\Modules\SuperAdmin\Models\CreateUserModel->updateUserRole('134', [...])
 4 SYSTEMPATH\CodeIgniter.php(941): App\Modules\SuperAdmin\Controllers\SuperAdminController->updateUserRole()
 5 SYSTEMPATH\CodeIgniter.php(502): CodeIgniter\CodeIgniter->runController(Object(App\Modules\SuperAdmin\Controllers\SuperAdminController))
 6 SYSTEMPATH\CodeIgniter.php(361): CodeIgniter\CodeIgniter->handleRequest(null, Object(Config\Cache), false)
 7 FCPATH\index.php(79): CodeIgniter\CodeIgniter->run()
CRITICAL - 2024-03-30 13:04:09 --> [Caused by] CodeIgniter\Database\Exceptions\DatabaseException: pg_query(): Query failed: ERROR:  column &quot;user_name&quot; of relation &quot;user_role&quot; does not exist
LINE 1: ...ATE &quot;master&quot;.&quot;user_role&quot; SET &quot;status&quot; = 'Active', &quot;user_name...
                                                             ^
in SYSTEMPATH\Database\Postgre\Connection.php on line 192.
 1 SYSTEMPATH\Database\BaseConnection.php(693): CodeIgniter\Database\Postgre\Connection->execute('UPDATE "master"."user_role" SET "status" = \'Active\', "user_name" = \'abcbacbsdsdds\', "role_details" = \'{"can_create":true,"can_edit":true,"can_delete":true,"can_view":true}\'
WHERE "client_id" = \'134\'')
 2 SYSTEMPATH\Database\BaseConnection.php(607): CodeIgniter\Database\BaseConnection->simpleQuery('UPDATE "master"."user_role" SET "status" = \'Active\', "user_name" = \'abcbacbsdsdds\', "role_details" = \'{"can_create":true,"can_edit":true,"can_delete":true,"can_view":true}\'
WHERE "client_id" = \'134\'')
 3 SYSTEMPATH\Database\BaseBuilder.php(2474): CodeIgniter\Database\BaseConnection->query('UPDATE "master"."user_role" SET "status" = :status:, "user_name" = :user_name:, "role_details" = :role_details:
WHERE "client_id" = :client_id:', [...], false)
 4 APPPATH\Modules\Superadmin\Models\createUserModel.php(47): CodeIgniter\Database\BaseBuilder->update([...])
 5 APPPATH\Modules\Superadmin\Controllers\SuperAdminController.php(381): App\Modules\SuperAdmin\Models\CreateUserModel->updateUserRole('134', [...])
 6 SYSTEMPATH\CodeIgniter.php(941): App\Modules\SuperAdmin\Controllers\SuperAdminController->updateUserRole()
 7 SYSTEMPATH\CodeIgniter.php(502): CodeIgniter\CodeIgniter->runController(Object(App\Modules\SuperAdmin\Controllers\SuperAdminController))
 8 SYSTEMPATH\CodeIgniter.php(361): CodeIgniter\CodeIgniter->handleRequest(null, Object(Config\Cache), false)
 9 FCPATH\index.php(79): CodeIgniter\CodeIgniter->run()
CRITICAL - 2024-03-30 13:04:09 --> [Caused by] ErrorException: pg_query(): Query failed: ERROR:  column &quot;user_name&quot; of relation &quot;user_role&quot; does not exist
LINE 1: ...ATE &quot;master&quot;.&quot;user_role&quot; SET &quot;status&quot; = 'Active', &quot;user_name...
                                                             ^
in SYSTEMPATH\Database\Postgre\Connection.php on line 187.
 1 [internal function]: CodeIgniter\Debug\Exceptions->errorHandler(2, 'pg_query(): Query failed: ERROR:  column &quot;user_name&quot; of relation &quot;user_role&quot; does not exist
LINE 1: ...ATE &quot;master&quot;.&quot;user_role&quot; SET &quot;status&quot; = \'Active\', &quot;user_name...
                                                             ^', 'C:\\xampp\\htdocs\\mbscan\\system\\Database\\Postgre\\Connection.php', 187)
 2 SYSTEMPATH\Database\Postgre\Connection.php(187): pg_query(Object(PgSql\Connection), 'UPDATE "master"."user_role" SET "status" = \'Active\', "user_name" = \'abcbacbsdsdds\', "role_details" = \'{"can_create":true,"can_edit":true,"can_delete":true,"can_view":true}\'
WHERE "client_id" = \'134\'')
 3 SYSTEMPATH\Database\BaseConnection.php(693): CodeIgniter\Database\Postgre\Connection->execute('UPDATE "master"."user_role" SET "status" = \'Active\', "user_name" = \'abcbacbsdsdds\', "role_details" = \'{"can_create":true,"can_edit":true,"can_delete":true,"can_view":true}\'
WHERE "client_id" = \'134\'')
 4 SYSTEMPATH\Database\BaseConnection.php(607): CodeIgniter\Database\BaseConnection->simpleQuery('UPDATE "master"."user_role" SET "status" = \'Active\', "user_name" = \'abcbacbsdsdds\', "role_details" = \'{"can_create":true,"can_edit":true,"can_delete":true,"can_view":true}\'
WHERE "client_id" = \'134\'')
 5 SYSTEMPATH\Database\BaseBuilder.php(2474): CodeIgniter\Database\BaseConnection->query('UPDATE "master"."user_role" SET "status" = :status:, "user_name" = :user_name:, "role_details" = :role_details:
WHERE "client_id" = :client_id:', [...], false)
 6 APPPATH\Modules\Superadmin\Models\createUserModel.php(47): CodeIgniter\Database\BaseBuilder->update([...])
 7 APPPATH\Modules\Superadmin\Controllers\SuperAdminController.php(381): App\Modules\SuperAdmin\Models\CreateUserModel->updateUserRole('134', [...])
 8 SYSTEMPATH\CodeIgniter.php(941): App\Modules\SuperAdmin\Controllers\SuperAdminController->updateUserRole()
 9 SYSTEMPATH\CodeIgniter.php(502): CodeIgniter\CodeIgniter->runController(Object(App\Modules\SuperAdmin\Controllers\SuperAdminController))
10 SYSTEMPATH\CodeIgniter.php(361): CodeIgniter\CodeIgniter->handleRequest(null, Object(Config\Cache), false)
11 FCPATH\index.php(79): CodeIgniter\CodeIgniter->run()
ERROR - 2024-03-30 13:04:39 --> Undefined array key "user_name"
ERROR - 2024-03-30 13:42:35 --> ErrorException: pg_query(): Query failed: ERROR:  column &quot;user_name&quot; of relation &quot;user_role&quot; does not exist
LINE 1: UPDATE &quot;master&quot;.&quot;user_role&quot; SET &quot;user_name&quot; = 'kedia@testrig...
                                        ^ in C:\xampp\htdocs\mbscan\system\Database\Postgre\Connection.php:187
Stack trace:
#0 [internal function]: CodeIgniter\Debug\Exceptions->errorHandler(2, 'pg_query(): Que...', 'C:\\xampp\\htdocs...', 187)
#1 C:\xampp\htdocs\mbscan\system\Database\Postgre\Connection.php(187): pg_query(Object(PgSql\Connection), 'UPDATE "master"...')
#2 C:\xampp\htdocs\mbscan\system\Database\BaseConnection.php(693): CodeIgniter\Database\Postgre\Connection->execute('UPDATE "master"...')
#3 C:\xampp\htdocs\mbscan\system\Database\BaseConnection.php(607): CodeIgniter\Database\BaseConnection->simpleQuery('UPDATE "master"...')
#4 C:\xampp\htdocs\mbscan\system\Database\BaseBuilder.php(2474): CodeIgniter\Database\BaseConnection->query('UPDATE "master"...', Array, false)
#5 C:\xampp\htdocs\mbscan\app\Modules\Superadmin\Models\createUserModel.php(47): CodeIgniter\Database\BaseBuilder->update(Array)
#6 C:\xampp\htdocs\mbscan\app\Modules\Superadmin\Controllers\SuperAdminController.php(383): App\Modules\SuperAdmin\Models\CreateUserModel->updateUserRole('65', Array)
#7 C:\xampp\htdocs\mbscan\system\CodeIgniter.php(941): App\Modules\SuperAdmin\Controllers\SuperAdminController->updateUserRole()
#8 C:\xampp\htdocs\mbscan\system\CodeIgniter.php(502): CodeIgniter\CodeIgniter->runController(Object(App\Modules\SuperAdmin\Controllers\SuperAdminController))
#9 C:\xampp\htdocs\mbscan\system\CodeIgniter.php(361): CodeIgniter\CodeIgniter->handleRequest(NULL, Object(Config\Cache), false)
#10 C:\xampp\htdocs\mbscan\index.php(79): CodeIgniter\CodeIgniter->run()
#11 {main}
CRITICAL - 2024-03-30 13:42:35 --> CodeIgniter\Database\Exceptions\DatabaseException: pg_query(): Query failed: ERROR:  column &quot;user_name&quot; of relation &quot;user_role&quot; does not exist
LINE 1: UPDATE &quot;master&quot;.&quot;user_role&quot; SET &quot;user_name&quot; = 'kedia@testrig...
                                        ^
in SYSTEMPATH\Database\BaseConnection.php on line 647.
 1 SYSTEMPATH\Database\BaseBuilder.php(2474): CodeIgniter\Database\BaseConnection->query('UPDATE "master"."user_role" SET "user_name" = :user_name:, "status" = :status:, "role_details" = :role_details:
WHERE "user_id" = :user_id:', [...], false)
 2 APPPATH\Modules\Superadmin\Models\createUserModel.php(47): CodeIgniter\Database\BaseBuilder->update([...])
 3 APPPATH\Modules\Superadmin\Controllers\SuperAdminController.php(383): App\Modules\SuperAdmin\Models\CreateUserModel->updateUserRole('65', [...])
 4 SYSTEMPATH\CodeIgniter.php(941): App\Modules\SuperAdmin\Controllers\SuperAdminController->updateUserRole()
 5 SYSTEMPATH\CodeIgniter.php(502): CodeIgniter\CodeIgniter->runController(Object(App\Modules\SuperAdmin\Controllers\SuperAdminController))
 6 SYSTEMPATH\CodeIgniter.php(361): CodeIgniter\CodeIgniter->handleRequest(null, Object(Config\Cache), false)
 7 FCPATH\index.php(79): CodeIgniter\CodeIgniter->run()
CRITICAL - 2024-03-30 13:42:35 --> [Caused by] CodeIgniter\Database\Exceptions\DatabaseException: pg_query(): Query failed: ERROR:  column &quot;user_name&quot; of relation &quot;user_role&quot; does not exist
LINE 1: UPDATE &quot;master&quot;.&quot;user_role&quot; SET &quot;user_name&quot; = 'kedia@testrig...
                                        ^
in SYSTEMPATH\Database\Postgre\Connection.php on line 192.
 1 SYSTEMPATH\Database\BaseConnection.php(693): CodeIgniter\Database\Postgre\Connection->execute('UPDATE "master"."user_role" SET "user_name" = \'kedia@testright.inqqqwqwqw\', "status" = \'InActive\', "role_details" = \'{"can_create":true,"can_edit":true,"can_delete":true,"can_view":false}\'
WHERE "user_id" = \'65\'')
 2 SYSTEMPATH\Database\BaseConnection.php(607): CodeIgniter\Database\BaseConnection->simpleQuery('UPDATE "master"."user_role" SET "user_name" = \'kedia@testright.inqqqwqwqw\', "status" = \'InActive\', "role_details" = \'{"can_create":true,"can_edit":true,"can_delete":true,"can_view":false}\'
WHERE "user_id" = \'65\'')
 3 SYSTEMPATH\Database\BaseBuilder.php(2474): CodeIgniter\Database\BaseConnection->query('UPDATE "master"."user_role" SET "user_name" = :user_name:, "status" = :status:, "role_details" = :role_details:
WHERE "user_id" = :user_id:', [...], false)
 4 APPPATH\Modules\Superadmin\Models\createUserModel.php(47): CodeIgniter\Database\BaseBuilder->update([...])
 5 APPPATH\Modules\Superadmin\Controllers\SuperAdminController.php(383): App\Modules\SuperAdmin\Models\CreateUserModel->updateUserRole('65', [...])
 6 SYSTEMPATH\CodeIgniter.php(941): App\Modules\SuperAdmin\Controllers\SuperAdminController->updateUserRole()
 7 SYSTEMPATH\CodeIgniter.php(502): CodeIgniter\CodeIgniter->runController(Object(App\Modules\SuperAdmin\Controllers\SuperAdminController))
 8 SYSTEMPATH\CodeIgniter.php(361): CodeIgniter\CodeIgniter->handleRequest(null, Object(Config\Cache), false)
 9 FCPATH\index.php(79): CodeIgniter\CodeIgniter->run()
CRITICAL - 2024-03-30 13:42:35 --> [Caused by] ErrorException: pg_query(): Query failed: ERROR:  column &quot;user_name&quot; of relation &quot;user_role&quot; does not exist
LINE 1: UPDATE &quot;master&quot;.&quot;user_role&quot; SET &quot;user_name&quot; = 'kedia@testrig...
                                        ^
in SYSTEMPATH\Database\Postgre\Connection.php on line 187.
 1 [internal function]: CodeIgniter\Debug\Exceptions->errorHandler(2, 'pg_query(): Query failed: ERROR:  column &quot;user_name&quot; of relation &quot;user_role&quot; does not exist
LINE 1: UPDATE &quot;master&quot;.&quot;user_role&quot; SET &quot;user_name&quot; = \'kedia@testrig...
                                        ^', 'C:\\xampp\\htdocs\\mbscan\\system\\Database\\Postgre\\Connection.php', 187)
 2 SYSTEMPATH\Database\Postgre\Connection.php(187): pg_query(Object(PgSql\Connection), 'UPDATE "master"."user_role" SET "user_name" = \'kedia@testright.inqqqwqwqw\', "status" = \'InActive\', "role_details" = \'{"can_create":true,"can_edit":true,"can_delete":true,"can_view":false}\'
WHERE "user_id" = \'65\'')
 3 SYSTEMPATH\Database\BaseConnection.php(693): CodeIgniter\Database\Postgre\Connection->execute('UPDATE "master"."user_role" SET "user_name" = \'kedia@testright.inqqqwqwqw\', "status" = \'InActive\', "role_details" = \'{"can_create":true,"can_edit":true,"can_delete":true,"can_view":false}\'
WHERE "user_id" = \'65\'')
 4 SYSTEMPATH\Database\BaseConnection.php(607): CodeIgniter\Database\BaseConnection->simpleQuery('UPDATE "master"."user_role" SET "user_name" = \'kedia@testright.inqqqwqwqw\', "status" = \'InActive\', "role_details" = \'{"can_create":true,"can_edit":true,"can_delete":true,"can_view":false}\'
WHERE "user_id" = \'65\'')
 5 SYSTEMPATH\Database\BaseBuilder.php(2474): CodeIgniter\Database\BaseConnection->query('UPDATE "master"."user_role" SET "user_name" = :user_name:, "status" = :status:, "role_details" = :role_details:
WHERE "user_id" = :user_id:', [...], false)
 6 APPPATH\Modules\Superadmin\Models\createUserModel.php(47): CodeIgniter\Database\BaseBuilder->update([...])
 7 APPPATH\Modules\Superadmin\Controllers\SuperAdminController.php(383): App\Modules\SuperAdmin\Models\CreateUserModel->updateUserRole('65', [...])
 8 SYSTEMPATH\CodeIgniter.php(941): App\Modules\SuperAdmin\Controllers\SuperAdminController->updateUserRole()
 9 SYSTEMPATH\CodeIgniter.php(502): CodeIgniter\CodeIgniter->runController(Object(App\Modules\SuperAdmin\Controllers\SuperAdminController))
10 SYSTEMPATH\CodeIgniter.php(361): CodeIgniter\CodeIgniter->handleRequest(null, Object(Config\Cache), false)
11 FCPATH\index.php(79): CodeIgniter\CodeIgniter->run()
