CRITICAL - 2024-03-27 11:28:03 --> ErrorException: Undefined array key "role_id"
in APPPATH\Modules\Superadmin\Controllers\SuperAdminController.php on line 174.
 1 APPPATH\Modules\Superadmin\Controllers\SuperAdminController.php(174): CodeIgniter\Debug\Exceptions->errorHandler(2, 'Undefined array key "role_id"', 'C:\\xampp\\htdocs\\world\\app\\Modules\\Superadmin\\Controllers\\SuperAdminController.php', 174)
 2 SYSTEMPATH\CodeIgniter.php(941): App\Modules\SuperAdmin\Controllers\SuperAdminController->getClient()
 3 SYSTEMPATH\CodeIgniter.php(502): CodeIgniter\CodeIgniter->runController(Object(App\Modules\SuperAdmin\Controllers\SuperAdminController))
 4 SYSTEMPATH\CodeIgniter.php(361): CodeIgniter\CodeIgniter->handleRequest(null, Object(Config\Cache), false)
 5 FCPATH\index.php(79): CodeIgniter\CodeIgniter->run()
CRITICAL - 2024-03-27 11:34:16 --> ErrorException: Undefined array key "role_id"
in APPPATH\Modules\Superadmin\Controllers\SuperAdminController.php on line 174.
 1 APPPATH\Modules\Superadmin\Controllers\SuperAdminController.php(174): CodeIgniter\Debug\Exceptions->errorHandler(2, 'Undefined array key "role_id"', 'C:\\xampp\\htdocs\\world\\app\\Modules\\Superadmin\\Controllers\\SuperAdminController.php', 174)
 2 SYSTEMPATH\CodeIgniter.php(941): App\Modules\SuperAdmin\Controllers\SuperAdminController->getClient()
 3 SYSTEMPATH\CodeIgniter.php(502): CodeIgniter\CodeIgniter->runController(Object(App\Modules\SuperAdmin\Controllers\SuperAdminController))
 4 SYSTEMPATH\CodeIgniter.php(361): CodeIgniter\CodeIgniter->handleRequest(null, Object(Config\Cache), false)
 5 FCPATH\index.php(79): CodeIgniter\CodeIgniter->run()
CRITICAL - 2024-03-27 15:45:22 --> ErrorException: Attempt to read property "username" on null
in APPPATH/Modules/SuperAdmin/Controllers/SuperAdminController.php on line 58.
 1 APPPATH/Modules/SuperAdmin/Controllers/SuperAdminController.php(58): CodeIgniter\Debug\Exceptions->errorHandler(2, 'Attempt to read property "username" on null', '/Applications/XAMPP/xamppfiles/htdocs/mbscan/app/Modules/SuperAdmin/Controllers/SuperAdminController.php', 58)
 2 SYSTEMPATH/CodeIgniter.php(941): App\Modules\SuperAdmin\Controllers\SuperAdminController->loginAuth()
 3 SYSTEMPATH/CodeIgniter.php(502): CodeIgniter\CodeIgniter->runController(Object(App\Modules\SuperAdmin\Controllers\SuperAdminController))
 4 SYSTEMPATH/CodeIgniter.php(361): CodeIgniter\CodeIgniter->handleRequest(null, Object(Config\Cache), false)
 5 FCPATH/index.php(79): CodeIgniter\CodeIgniter->run()
CRITICAL - 2024-03-27 15:45:23 --> ErrorException: Attempt to read property "username" on null
in APPPATH/Modules/SuperAdmin/Controllers/SuperAdminController.php on line 58.
 1 APPPATH/Modules/SuperAdmin/Controllers/SuperAdminController.php(58): CodeIgniter\Debug\Exceptions->errorHandler(2, 'Attempt to read property "username" on null', '/Applications/XAMPP/xamppfiles/htdocs/mbscan/app/Modules/SuperAdmin/Controllers/SuperAdminController.php', 58)
 2 SYSTEMPATH/CodeIgniter.php(941): App\Modules\SuperAdmin\Controllers\SuperAdminController->loginAuth()
 3 SYSTEMPATH/CodeIgniter.php(502): CodeIgniter\CodeIgniter->runController(Object(App\Modules\SuperAdmin\Controllers\SuperAdminController))
 4 SYSTEMPATH/CodeIgniter.php(361): CodeIgniter\CodeIgniter->handleRequest(null, Object(Config\Cache), false)
 5 FCPATH/index.php(79): CodeIgniter\CodeIgniter->run()
CRITICAL - 2024-03-27 15:45:45 --> ErrorException: Attempt to read property "username" on null
in APPPATH/Modules/SuperAdmin/Controllers/SuperAdminController.php on line 61.
 1 APPPATH/Modules/SuperAdmin/Controllers/SuperAdminController.php(61): CodeIgniter\Debug\Exceptions->errorHandler(2, 'Attempt to read property "username" on null', '/Applications/XAMPP/xamppfiles/htdocs/mbscan/app/Modules/SuperAdmin/Controllers/SuperAdminController.php', 61)
 2 SYSTEMPATH/CodeIgniter.php(941): App\Modules\SuperAdmin\Controllers\SuperAdminController->loginAuth()
 3 SYSTEMPATH/CodeIgniter.php(502): CodeIgniter\CodeIgniter->runController(Object(App\Modules\SuperAdmin\Controllers\SuperAdminController))
 4 SYSTEMPATH/CodeIgniter.php(361): CodeIgniter\CodeIgniter->handleRequest(null, Object(Config\Cache), false)
 5 FCPATH/index.php(79): CodeIgniter\CodeIgniter->run()
CRITICAL - 2024-03-27 15:45:46 --> ErrorException: Attempt to read property "username" on null
in APPPATH/Modules/SuperAdmin/Controllers/SuperAdminController.php on line 61.
 1 APPPATH/Modules/SuperAdmin/Controllers/SuperAdminController.php(61): CodeIgniter\Debug\Exceptions->errorHandler(2, 'Attempt to read property "username" on null', '/Applications/XAMPP/xamppfiles/htdocs/mbscan/app/Modules/SuperAdmin/Controllers/SuperAdminController.php', 61)
 2 SYSTEMPATH/CodeIgniter.php(941): App\Modules\SuperAdmin\Controllers\SuperAdminController->loginAuth()
 3 SYSTEMPATH/CodeIgniter.php(502): CodeIgniter\CodeIgniter->runController(Object(App\Modules\SuperAdmin\Controllers\SuperAdminController))
 4 SYSTEMPATH/CodeIgniter.php(361): CodeIgniter\CodeIgniter->handleRequest(null, Object(Config\Cache), false)
 5 FCPATH/index.php(79): CodeIgniter\CodeIgniter->run()
